;  LST file generated by mikroListExporter - v.2.0 
; Date/Time: 22/01/2020 13:39:01
;----------------------------------------------

;Address Opcode 	ASM
0x0000	0x2BDF      	GOTO       991
_interrupt:
0x0004	0x00FF      	MOVWF      R15
0x0005	0x0E03      	SWAPF      STATUS, 0
0x0006	0x0183      	CLRF       STATUS
0x0007	0x1683      	BSF        STATUS, 5
0x0008	0x00A0      	MOVWF      ___saveSTATUS
0x0009	0x080A      	MOVF       PCLATH, 0
0x000A	0x1283      	BCF        STATUS, 5
0x000B	0x00EF      	MOVWF      ___savePCLATH
0x000C	0x018A      	CLRF       PCLATH
0x000D	0x0870      	MOVF       R0, 0
0x000E	0x00A1      	MOVWF      33
0x000F	0x0871      	MOVF       R1, 0
0x0010	0x00A0      	MOVWF      32
;Slave.c,377 :: 		void interrupt()
;Slave.c,379 :: 		if ((PIE1.TMR1IE) && (PIR1.TMR1IF))
0x0011	0x1683      	BSF        STATUS, 5
0x0012	0x1C0C      	BTFSS      PIE1, 0
0x0013	0x282E      	GOTO       L_interrupt79
0x0014	0x1283      	BCF        STATUS, 5
0x0015	0x1C0C      	BTFSS      PIR1, 0
0x0016	0x282E      	GOTO       L_interrupt79
L__interrupt117:
;Slave.c,382 :: 		PIR1.TMR1IF = 0; // brise se flag
0x0017	0x100C      	BCF        PIR1, 0
;Slave.c,384 :: 		if (Counter == 9)
0x0018	0x0823      	MOVF       _Counter, 0
0x0019	0x3A09      	XORLW      9
0x001A	0x1D03      	BTFSS      STATUS, 2
0x001B	0x2821      	GOTO       L_interrupt80
;Slave.c,386 :: 		Counter = 0;
0x001C	0x01A3      	CLRF       _Counter
;Slave.c,387 :: 		IncrementTime();
0x001D	0x230C      	CALL       _IncrementTime
;Slave.c,388 :: 		DecodeTime();
0x001E	0x2343      	CALL       _DecodeTime
;Slave.c,389 :: 		UpdateLCDFlag = 1;
0x001F	0x156B      	BSF        _UpdateLCDFlag, BitPos(_UpdateLCDFlag+0)
;Slave.c,390 :: 		}
0x0020	0x2822      	GOTO       L_interrupt81
L_interrupt80:
;Slave.c,392 :: 		Counter++;
0x0021	0x0AA3      	INCF       _Counter, 1
L_interrupt81:
;Slave.c,394 :: 		if (Counter2 > 0)
0x0022	0x0822      	MOVF       _Counter2, 0
0x0023	0x3C00      	SUBLW      0
0x0024	0x1803      	BTFSC      STATUS, 0
0x0025	0x2828      	GOTO       L_interrupt82
;Slave.c,395 :: 		Counter2--;
0x0026	0x03A2      	DECF       _Counter2, 1
0x0027	0x2829      	GOTO       L_interrupt83
L_interrupt82:
;Slave.c,397 :: 		Counter2 = 0;
0x0028	0x01A2      	CLRF       _Counter2
L_interrupt83:
;Slave.c,399 :: 		ProcessInputs();
0x0029	0x236A      	CALL       _ProcessInputs
;Slave.c,401 :: 		TMR1H = 0x0B; // startne vrednosti tajmera 1
0x002A	0x300B      	MOVLW      11
0x002B	0x008F      	MOVWF      TMR1H
;Slave.c,402 :: 		TMR1L = 0xDC;
0x002C	0x30DC      	MOVLW      220
0x002D	0x008E      	MOVWF      TMR1L
;Slave.c,403 :: 		}
L_interrupt79:
;Slave.c,405 :: 		if ((PIE1.RCIE) && (PIR1.RCIF))
0x002E	0x1683      	BSF        STATUS, 5
0x002F	0x1E8C      	BTFSS      PIE1, 5
0x0030	0x28A6      	GOTO       L_interrupt86
0x0031	0x1283      	BCF        STATUS, 5
0x0032	0x1E8C      	BTFSS      PIR1, 5
0x0033	0x28A6      	GOTO       L_interrupt86
L__interrupt116:
;Slave.c,407 :: 		ch = RCREG;
0x0034	0x081A      	MOVF       RCREG, 0
0x0035	0x00A9      	MOVWF      _ch
;Slave.c,408 :: 		if (BytesToReceive == 0x00)
0x0036	0x082A      	MOVF       _BytesToReceive, 0
0x0037	0x3A00      	XORLW      0
0x0038	0x1D03      	BTFSS      STATUS, 2
0x0039	0x2859      	GOTO       L_interrupt87
;Slave.c,410 :: 		if ((ch & 0x0F) == RAMP_ID)
0x003A	0x300F      	MOVLW      15
0x003B	0x0529      	ANDWF      _ch, 0
0x003C	0x00F1      	MOVWF      R1
0x003D	0x0871      	MOVF       R1, 0
0x003E	0x066A      	XORWF      _RAMP_ID, 0
0x003F	0x1D03      	BTFSS      STATUS, 2
0x0040	0x2858      	GOTO       L_interrupt88
;Slave.c,413 :: 		Command = ch;
0x0041	0x0829      	MOVF       _ch, 0
0x0042	0x00A4      	MOVWF      _Command
;Slave.c,414 :: 		if ((ch & 0xE0) == 0x20)
0x0043	0x30E0      	MOVLW      224
0x0044	0x0529      	ANDWF      _ch, 0
0x0045	0x00F1      	MOVWF      R1
0x0046	0x0871      	MOVF       R1, 0
0x0047	0x3A20      	XORLW      32
0x0048	0x1D03      	BTFSS      STATUS, 2
0x0049	0x284D      	GOTO       L_interrupt89
;Slave.c,417 :: 		BytesToReceive = 0x00;
0x004A	0x01AA      	CLRF       _BytesToReceive
;Slave.c,418 :: 		CallFlag = 1;
0x004B	0x146B      	BSF        _CallFlag, BitPos(_CallFlag+0)
;Slave.c,419 :: 		}
0x004C	0x2858      	GOTO       L_interrupt90
L_interrupt89:
;Slave.c,420 :: 		else if ((ch & 0xE0) == 0x60)
0x004D	0x30E0      	MOVLW      224
0x004E	0x0529      	ANDWF      _ch, 0
0x004F	0x00F1      	MOVWF      R1
0x0050	0x0871      	MOVF       R1, 0
0x0051	0x3A60      	XORLW      96
0x0052	0x1D03      	BTFSS      STATUS, 2
0x0053	0x2858      	GOTO       L_interrupt91
;Slave.c,424 :: 		BytesToReceive = 0x03;
0x0054	0x3003      	MOVLW      3
0x0055	0x00AA      	MOVWF      _BytesToReceive
;Slave.c,425 :: 		Counter2 = 3;
0x0056	0x3003      	MOVLW      3
0x0057	0x00A2      	MOVWF      _Counter2
;Slave.c,428 :: 		}
L_interrupt91:
L_interrupt90:
;Slave.c,429 :: 		}
L_interrupt88:
;Slave.c,430 :: 		}
0x0058	0x28A6      	GOTO       L_interrupt92
L_interrupt87:
;Slave.c,431 :: 		else if (BytesToReceive == 0x03)
0x0059	0x082A      	MOVF       _BytesToReceive, 0
0x005A	0x3A03      	XORLW      3
0x005B	0x1D03      	BTFSS      STATUS, 2
0x005C	0x2873      	GOTO       L_interrupt93
;Slave.c,433 :: 		BytesToReceive = 0x02;
0x005D	0x3002      	MOVLW      2
0x005E	0x00AA      	MOVWF      _BytesToReceive
;Slave.c,434 :: 		ch = ch - 0x30;
0x005F	0x3030      	MOVLW      48
0x0060	0x0229      	SUBWF      _ch, 0
0x0061	0x00F1      	MOVWF      R1
0x0062	0x0871      	MOVF       R1, 0
0x0063	0x00A9      	MOVWF      _ch
;Slave.c,435 :: 		if (ch > 59)
0x0064	0x0871      	MOVF       R1, 0
0x0065	0x3C3B      	SUBLW      59
0x0066	0x1803      	BTFSC      STATUS, 0
0x0067	0x286A      	GOTO       L_interrupt94
;Slave.c,436 :: 		ch = 59;
0x0068	0x303B      	MOVLW      59
0x0069	0x00A9      	MOVWF      _ch
L_interrupt94:
;Slave.c,437 :: 		ConvertTime(ch);
0x006A	0x0829      	MOVF       _ch, 0
0x006B	0x1683      	BSF        STATUS, 5
0x006C	0x00AB      	MOVWF      FARG_ConvertTime_ch
0x006D	0x23D0      	CALL       _ConvertTime
;Slave.c,438 :: 		Tmp_Sec_X1 = X1;
0x006E	0x086D      	MOVF       _X1, 0
0x006F	0x00DF      	MOVWF      _Tmp_Sec_X1
;Slave.c,439 :: 		Tmp_Sec_X10 = X10;
0x0070	0x086E      	MOVF       _X10, 0
0x0071	0x00E0      	MOVWF      _Tmp_Sec_X10
;Slave.c,440 :: 		}
0x0072	0x28A6      	GOTO       L_interrupt95
L_interrupt93:
;Slave.c,441 :: 		else if (BytesToReceive == 0x02)
0x0073	0x082A      	MOVF       _BytesToReceive, 0
0x0074	0x3A02      	XORLW      2
0x0075	0x1D03      	BTFSS      STATUS, 2
0x0076	0x288D      	GOTO       L_interrupt96
;Slave.c,443 :: 		BytesToReceive = 0x01;
0x0077	0x3001      	MOVLW      1
0x0078	0x00AA      	MOVWF      _BytesToReceive
;Slave.c,444 :: 		ch = ch - 0x30;
0x0079	0x3030      	MOVLW      48
0x007A	0x0229      	SUBWF      _ch, 0
0x007B	0x00F1      	MOVWF      R1
0x007C	0x0871      	MOVF       R1, 0
0x007D	0x00A9      	MOVWF      _ch
;Slave.c,445 :: 		if (ch > 59)
0x007E	0x0871      	MOVF       R1, 0
0x007F	0x3C3B      	SUBLW      59
0x0080	0x1803      	BTFSC      STATUS, 0
0x0081	0x2884      	GOTO       L_interrupt97
;Slave.c,446 :: 		ch = 59;
0x0082	0x303B      	MOVLW      59
0x0083	0x00A9      	MOVWF      _ch
L_interrupt97:
;Slave.c,447 :: 		ConvertTime(ch);
0x0084	0x0829      	MOVF       _ch, 0
0x0085	0x1683      	BSF        STATUS, 5
0x0086	0x00AB      	MOVWF      FARG_ConvertTime_ch
0x0087	0x23D0      	CALL       _ConvertTime
;Slave.c,448 :: 		Tmp_Min_X1 = X1;
0x0088	0x086D      	MOVF       _X1, 0
0x0089	0x00E7      	MOVWF      _Tmp_Min_X1
;Slave.c,449 :: 		Tmp_Min_X10 = X10;
0x008A	0x086E      	MOVF       _X10, 0
0x008B	0x00E8      	MOVWF      _Tmp_Min_X10
;Slave.c,450 :: 		}
0x008C	0x28A6      	GOTO       L_interrupt98
L_interrupt96:
;Slave.c,451 :: 		else if (BytesToReceive == 0x01)
0x008D	0x082A      	MOVF       _BytesToReceive, 0
0x008E	0x3A01      	XORLW      1
0x008F	0x1D03      	BTFSS      STATUS, 2
0x0090	0x28A6      	GOTO       L_interrupt99
;Slave.c,453 :: 		BytesToReceive = 0x00;
0x0091	0x01AA      	CLRF       _BytesToReceive
;Slave.c,454 :: 		ch = ch - 0x30;
0x0092	0x3030      	MOVLW      48
0x0093	0x0229      	SUBWF      _ch, 0
0x0094	0x00F1      	MOVWF      R1
0x0095	0x0871      	MOVF       R1, 0
0x0096	0x00A9      	MOVWF      _ch
;Slave.c,455 :: 		if (ch > 23)
0x0097	0x0871      	MOVF       R1, 0
0x0098	0x3C17      	SUBLW      23
0x0099	0x1803      	BTFSC      STATUS, 0
0x009A	0x289D      	GOTO       L_interrupt100
;Slave.c,456 :: 		ch = 23;
0x009B	0x3017      	MOVLW      23
0x009C	0x00A9      	MOVWF      _ch
L_interrupt100:
;Slave.c,457 :: 		ConvertTime(ch);
0x009D	0x0829      	MOVF       _ch, 0
0x009E	0x1683      	BSF        STATUS, 5
0x009F	0x00AB      	MOVWF      FARG_ConvertTime_ch
0x00A0	0x23D0      	CALL       _ConvertTime
;Slave.c,458 :: 		Tmp_Hour_X1 = X1;
0x00A1	0x086D      	MOVF       _X1, 0
0x00A2	0x00E6      	MOVWF      _Tmp_Hour_X1
;Slave.c,459 :: 		Tmp_Hour_X10 = X10;
0x00A3	0x086E      	MOVF       _X10, 0
0x00A4	0x00E4      	MOVWF      _Tmp_Hour_X10
;Slave.c,460 :: 		RTCSetupFlag = 1;
0x00A5	0x14EB      	BSF        _RTCSetupFlag, BitPos(_RTCSetupFlag+0)
;Slave.c,461 :: 		}
L_interrupt99:
L_interrupt98:
L_interrupt95:
L_interrupt92:
;Slave.c,462 :: 		}
L_interrupt86:
;Slave.c,463 :: 		}
L__interrupt134:
0x00A6	0x1283      	BCF        STATUS, 5
0x00A7	0x0821      	MOVF       33, 0
0x00A8	0x00F0      	MOVWF      R0
0x00A9	0x0820      	MOVF       32, 0
0x00AA	0x00F1      	MOVWF      R1
0x00AB	0x086F      	MOVF       ___savePCLATH, 0
0x00AC	0x008A      	MOVWF      PCLATH
0x00AD	0x1683      	BSF        STATUS, 5
0x00AE	0x0E20      	SWAPF      ___saveSTATUS, 0
0x00AF	0x0083      	MOVWF      STATUS
0x00B0	0x0EFF      	SWAPF      R15, 1
0x00B1	0x0E7F      	SWAPF      R15, 0
0x00B2	0x0009      	RETFIE
; end of _interrupt
_Delay_1us:
;__Lib_Delays.c,7 :: 		void Delay_1us() {
;__Lib_Delays.c,8 :: 		Delay_us(1);
0x00B3	0x0000      	NOP
0x00B4	0x0000      	NOP
0x00B5	0x0000      	NOP
0x00B6	0x0000      	NOP
0x00B7	0x0000      	NOP
;__Lib_Delays.c,9 :: 		}
0x00B8	0x0008      	RETURN
; end of _Delay_1us
_Delay_5500us:
;__Lib_Delays.c,31 :: 		void Delay_5500us() {
;__Lib_Delays.c,32 :: 		Delay_us(5500);
0x00B9	0x3024      	MOVLW      36
0x00BA	0x1283      	BCF        STATUS, 5
0x00BB	0x1303      	BCF        STATUS, 6
0x00BC	0x00FC      	MOVWF      R12
0x00BD	0x30B5      	MOVLW      181
0x00BE	0x00FD      	MOVWF      R13
L_Delay_5500us5:
0x00BF	0x0BFD      	DECFSZ     R13, 1
0x00C0	0x28BF      	GOTO       L_Delay_5500us5
0x00C1	0x0BFC      	DECFSZ     R12, 1
0x00C2	0x28BF      	GOTO       L_Delay_5500us5
0x00C3	0x0000      	NOP
0x00C4	0x0000      	NOP
;__Lib_Delays.c,33 :: 		}
0x00C5	0x0008      	RETURN
; end of _Delay_5500us
_Delay_50us:
;__Lib_Delays.c,19 :: 		void Delay_50us() {
;__Lib_Delays.c,20 :: 		Delay_us(50);
0x00C6	0x3053      	MOVLW      83
0x00C7	0x1283      	BCF        STATUS, 5
0x00C8	0x1303      	BCF        STATUS, 6
0x00C9	0x00FD      	MOVWF      R13
L_Delay_50us2:
0x00CA	0x0BFD      	DECFSZ     R13, 1
0x00CB	0x28CA      	GOTO       L_Delay_50us2
;__Lib_Delays.c,21 :: 		}
0x00CC	0x0008      	RETURN
; end of _Delay_50us
_Lcd_Cmd:
;__Lib_Lcd.c,18 :: 		
;__Lib_Lcd.c,20 :: 		
0x00CD	0x1683      	BSF        STATUS, 5
0x00CE	0x1303      	BCF        STATUS, 6
0x00CF	0x1BAA      	BTFSC      FARG_Lcd_Cmd_out_char, 7
0x00D0	0x28D4      	GOTO       L__Lcd_Cmd20
0x00D1	0x1283      	BCF        STATUS, 5
0x00D2	0x1388      	BCF        LCD_D7, BitPos(LCD_D7+0)
0x00D3	0x28D6      	GOTO       L__Lcd_Cmd21
L__Lcd_Cmd20:
0x00D4	0x1283      	BCF        STATUS, 5
0x00D5	0x1788      	BSF        LCD_D7, BitPos(LCD_D7+0)
L__Lcd_Cmd21:
;__Lib_Lcd.c,21 :: 		
0x00D6	0x1683      	BSF        STATUS, 5
0x00D7	0x1B2A      	BTFSC      FARG_Lcd_Cmd_out_char, 6
0x00D8	0x28DC      	GOTO       L__Lcd_Cmd22
0x00D9	0x1283      	BCF        STATUS, 5
0x00DA	0x1308      	BCF        LCD_D6, BitPos(LCD_D6+0)
0x00DB	0x28DE      	GOTO       L__Lcd_Cmd23
L__Lcd_Cmd22:
0x00DC	0x1283      	BCF        STATUS, 5
0x00DD	0x1708      	BSF        LCD_D6, BitPos(LCD_D6+0)
L__Lcd_Cmd23:
;__Lib_Lcd.c,22 :: 		
0x00DE	0x1683      	BSF        STATUS, 5
0x00DF	0x1AAA      	BTFSC      FARG_Lcd_Cmd_out_char, 5
0x00E0	0x28E4      	GOTO       L__Lcd_Cmd24
0x00E1	0x1283      	BCF        STATUS, 5
0x00E2	0x1288      	BCF        LCD_D5, BitPos(LCD_D5+0)
0x00E3	0x28E6      	GOTO       L__Lcd_Cmd25
L__Lcd_Cmd24:
0x00E4	0x1283      	BCF        STATUS, 5
0x00E5	0x1688      	BSF        LCD_D5, BitPos(LCD_D5+0)
L__Lcd_Cmd25:
;__Lib_Lcd.c,23 :: 		
0x00E6	0x1683      	BSF        STATUS, 5
0x00E7	0x1A2A      	BTFSC      FARG_Lcd_Cmd_out_char, 4
0x00E8	0x28EC      	GOTO       L__Lcd_Cmd26
0x00E9	0x1283      	BCF        STATUS, 5
0x00EA	0x1208      	BCF        LCD_D4, BitPos(LCD_D4+0)
0x00EB	0x28EE      	GOTO       L__Lcd_Cmd27
L__Lcd_Cmd26:
0x00EC	0x1283      	BCF        STATUS, 5
0x00ED	0x1608      	BSF        LCD_D4, BitPos(LCD_D4+0)
L__Lcd_Cmd27:
;__Lib_Lcd.c,25 :: 		
0x00EE	0x1A6C      	BTFSC      __Lib_Lcd_cmd_status, BitPos(__Lib_Lcd_cmd_status+0)
0x00EF	0x28F2      	GOTO       L__Lcd_Cmd28
0x00F0	0x1407      	BSF        LCD_RS, BitPos(LCD_RS+0)
0x00F1	0x28F3      	GOTO       L__Lcd_Cmd29
L__Lcd_Cmd28:
0x00F2	0x1007      	BCF        LCD_RS, BitPos(LCD_RS+0)
L__Lcd_Cmd29:
;__Lib_Lcd.c,28 :: 		
0x00F3	0x1507      	BSF        LCD_EN, BitPos(LCD_EN+0)
;__Lib_Lcd.c,29 :: 		
0x00F4	0x20B3      	CALL       _Delay_1us
;__Lib_Lcd.c,30 :: 		
0x00F5	0x1107      	BCF        LCD_EN, BitPos(LCD_EN+0)
;__Lib_Lcd.c,33 :: 		
0x00F6	0x1683      	BSF        STATUS, 5
0x00F7	0x19AA      	BTFSC      FARG_Lcd_Cmd_out_char, 3
0x00F8	0x28FC      	GOTO       L__Lcd_Cmd30
0x00F9	0x1283      	BCF        STATUS, 5
0x00FA	0x1388      	BCF        LCD_D7, BitPos(LCD_D7+0)
0x00FB	0x28FE      	GOTO       L__Lcd_Cmd31
L__Lcd_Cmd30:
0x00FC	0x1283      	BCF        STATUS, 5
0x00FD	0x1788      	BSF        LCD_D7, BitPos(LCD_D7+0)
L__Lcd_Cmd31:
;__Lib_Lcd.c,34 :: 		
0x00FE	0x1683      	BSF        STATUS, 5
0x00FF	0x192A      	BTFSC      FARG_Lcd_Cmd_out_char, 2
0x0100	0x2904      	GOTO       L__Lcd_Cmd32
0x0101	0x1283      	BCF        STATUS, 5
0x0102	0x1308      	BCF        LCD_D6, BitPos(LCD_D6+0)
0x0103	0x2906      	GOTO       L__Lcd_Cmd33
L__Lcd_Cmd32:
0x0104	0x1283      	BCF        STATUS, 5
0x0105	0x1708      	BSF        LCD_D6, BitPos(LCD_D6+0)
L__Lcd_Cmd33:
;__Lib_Lcd.c,35 :: 		
0x0106	0x1683      	BSF        STATUS, 5
0x0107	0x18AA      	BTFSC      FARG_Lcd_Cmd_out_char, 1
0x0108	0x290C      	GOTO       L__Lcd_Cmd34
0x0109	0x1283      	BCF        STATUS, 5
0x010A	0x1288      	BCF        LCD_D5, BitPos(LCD_D5+0)
0x010B	0x290E      	GOTO       L__Lcd_Cmd35
L__Lcd_Cmd34:
0x010C	0x1283      	BCF        STATUS, 5
0x010D	0x1688      	BSF        LCD_D5, BitPos(LCD_D5+0)
L__Lcd_Cmd35:
;__Lib_Lcd.c,36 :: 		
0x010E	0x1683      	BSF        STATUS, 5
0x010F	0x182A      	BTFSC      FARG_Lcd_Cmd_out_char, 0
0x0110	0x2914      	GOTO       L__Lcd_Cmd36
0x0111	0x1283      	BCF        STATUS, 5
0x0112	0x1208      	BCF        LCD_D4, BitPos(LCD_D4+0)
0x0113	0x2916      	GOTO       L__Lcd_Cmd37
L__Lcd_Cmd36:
0x0114	0x1283      	BCF        STATUS, 5
0x0115	0x1608      	BSF        LCD_D4, BitPos(LCD_D4+0)
L__Lcd_Cmd37:
;__Lib_Lcd.c,38 :: 		
0x0116	0x1A6C      	BTFSC      __Lib_Lcd_cmd_status, BitPos(__Lib_Lcd_cmd_status+0)
0x0117	0x291A      	GOTO       L__Lcd_Cmd38
0x0118	0x1407      	BSF        LCD_RS, BitPos(LCD_RS+0)
0x0119	0x291B      	GOTO       L__Lcd_Cmd39
L__Lcd_Cmd38:
0x011A	0x1007      	BCF        LCD_RS, BitPos(LCD_RS+0)
L__Lcd_Cmd39:
;__Lib_Lcd.c,40 :: 		
0x011B	0x1507      	BSF        LCD_EN, BitPos(LCD_EN+0)
;__Lib_Lcd.c,41 :: 		
0x011C	0x20B3      	CALL       _Delay_1us
;__Lib_Lcd.c,42 :: 		
0x011D	0x1107      	BCF        LCD_EN, BitPos(LCD_EN+0)
;__Lib_Lcd.c,44 :: 		
0x011E	0x1E6C      	BTFSS      __Lib_Lcd_cmd_status, BitPos(__Lib_Lcd_cmd_status+0)
0x011F	0x2922      	GOTO       L_Lcd_Cmd0
;__Lib_Lcd.c,45 :: 		
0x0120	0x20B9      	CALL       _Delay_5500us
0x0121	0x2923      	GOTO       L_Lcd_Cmd1
L_Lcd_Cmd0:
;__Lib_Lcd.c,47 :: 		
0x0122	0x20C6      	CALL       _Delay_50us
L_Lcd_Cmd1:
;__Lib_Lcd.c,48 :: 		
0x0123	0x0008      	RETURN
; end of _Lcd_Cmd
_Lcd_Chr_CP:
;__Lib_Lcd.c,50 :: 		
;__Lib_Lcd.c,52 :: 		
0x0124	0x1283      	BCF        STATUS, 5
0x0125	0x1303      	BCF        STATUS, 6
0x0126	0x126C      	BCF        __Lib_Lcd_cmd_status, BitPos(__Lib_Lcd_cmd_status+0)
;__Lib_Lcd.c,53 :: 		
0x0127	0x1683      	BSF        STATUS, 5
0x0128	0x0829      	MOVF       FARG_Lcd_Chr_CP_out_char, 0
0x0129	0x00AA      	MOVWF      FARG_Lcd_Cmd_out_char
0x012A	0x20CD      	CALL       _Lcd_Cmd
;__Lib_Lcd.c,54 :: 		
0x012B	0x166C      	BSF        __Lib_Lcd_cmd_status, BitPos(__Lib_Lcd_cmd_status+0)
;__Lib_Lcd.c,55 :: 		
0x012C	0x0008      	RETURN
; end of _Lcd_Chr_CP
_Lcd_Out:
;__Lib_Lcd.c,184 :: 		
;__Lib_Lcd.c,187 :: 		
0x012D	0x293F      	GOTO       L_Lcd_Out11
;__Lib_Lcd.c,188 :: 		
L_Lcd_Out13:
0x012E	0x3080      	MOVLW      128
0x012F	0x1683      	BSF        STATUS, 5
0x0130	0x1303      	BCF        STATUS, 6
0x0131	0x00A5      	MOVWF      FARG_Lcd_Out_row
0x0132	0x2952      	GOTO       L_Lcd_Out12
;__Lib_Lcd.c,189 :: 		
L_Lcd_Out14:
0x0133	0x30C0      	MOVLW      192
0x0134	0x00A5      	MOVWF      FARG_Lcd_Out_row
0x0135	0x2952      	GOTO       L_Lcd_Out12
;__Lib_Lcd.c,190 :: 		
L_Lcd_Out15:
0x0136	0x3094      	MOVLW      148
0x0137	0x00A5      	MOVWF      FARG_Lcd_Out_row
0x0138	0x2952      	GOTO       L_Lcd_Out12
;__Lib_Lcd.c,191 :: 		
L_Lcd_Out16:
0x0139	0x30D4      	MOVLW      212
0x013A	0x00A5      	MOVWF      FARG_Lcd_Out_row
0x013B	0x2952      	GOTO       L_Lcd_Out12
;__Lib_Lcd.c,192 :: 		
L_Lcd_Out17:
0x013C	0x3080      	MOVLW      128
0x013D	0x00A5      	MOVWF      FARG_Lcd_Out_row
;__Lib_Lcd.c,193 :: 		
0x013E	0x2952      	GOTO       L_Lcd_Out12
L_Lcd_Out11:
0x013F	0x1683      	BSF        STATUS, 5
0x0140	0x1303      	BCF        STATUS, 6
0x0141	0x0825      	MOVF       FARG_Lcd_Out_row, 0
0x0142	0x3A01      	XORLW      1
0x0143	0x1903      	BTFSC      STATUS, 2
0x0144	0x292E      	GOTO       L_Lcd_Out13
0x0145	0x0825      	MOVF       FARG_Lcd_Out_row, 0
0x0146	0x3A02      	XORLW      2
0x0147	0x1903      	BTFSC      STATUS, 2
0x0148	0x2933      	GOTO       L_Lcd_Out14
0x0149	0x0825      	MOVF       FARG_Lcd_Out_row, 0
0x014A	0x3A03      	XORLW      3
0x014B	0x1903      	BTFSC      STATUS, 2
0x014C	0x2936      	GOTO       L_Lcd_Out15
0x014D	0x0825      	MOVF       FARG_Lcd_Out_row, 0
0x014E	0x3A04      	XORLW      4
0x014F	0x1903      	BTFSC      STATUS, 2
0x0150	0x2939      	GOTO       L_Lcd_Out16
0x0151	0x293C      	GOTO       L_Lcd_Out17
L_Lcd_Out12:
;__Lib_Lcd.c,194 :: 		
0x0152	0x0326      	DECF       FARG_Lcd_Out_column, 0
0x0153	0x00F0      	MOVWF      R0
0x0154	0x0825      	MOVF       FARG_Lcd_Out_row, 0
0x0155	0x07F0      	ADDWF      R0, 1
0x0156	0x0870      	MOVF       R0, 0
0x0157	0x00A5      	MOVWF      FARG_Lcd_Out_row
;__Lib_Lcd.c,196 :: 		
0x0158	0x0870      	MOVF       R0, 0
0x0159	0x00AA      	MOVWF      FARG_Lcd_Cmd_out_char
0x015A	0x20CD      	CALL       _Lcd_Cmd
;__Lib_Lcd.c,197 :: 		
0x015B	0x126C      	BCF        __Lib_Lcd_cmd_status, BitPos(__Lib_Lcd_cmd_status+0)
;__Lib_Lcd.c,198 :: 		
0x015C	0x1683      	BSF        STATUS, 5
0x015D	0x01A8      	CLRF       Lcd_Out_i_L0
;__Lib_Lcd.c,199 :: 		
L_Lcd_Out18:
0x015E	0x0828      	MOVF       Lcd_Out_i_L0, 0
0x015F	0x0727      	ADDWF      FARG_Lcd_Out_text, 0
0x0160	0x0084      	MOVWF      FSR
0x0161	0x0800      	MOVF       INDF, 0
0x0162	0x1903      	BTFSC      STATUS, 2
0x0163	0x296D      	GOTO       L_Lcd_Out19
;__Lib_Lcd.c,200 :: 		
0x0164	0x0828      	MOVF       Lcd_Out_i_L0, 0
0x0165	0x0727      	ADDWF      FARG_Lcd_Out_text, 0
0x0166	0x0084      	MOVWF      FSR
0x0167	0x0800      	MOVF       INDF, 0
0x0168	0x00A9      	MOVWF      FARG_Lcd_Chr_CP_out_char
0x0169	0x2124      	CALL       _Lcd_Chr_CP
0x016A	0x1683      	BSF        STATUS, 5
0x016B	0x0AA8      	INCF       Lcd_Out_i_L0, 1
0x016C	0x295E      	GOTO       L_Lcd_Out18
L_Lcd_Out19:
;__Lib_Lcd.c,201 :: 		
0x016D	0x1283      	BCF        STATUS, 5
0x016E	0x166C      	BSF        __Lib_Lcd_cmd_status, BitPos(__Lib_Lcd_cmd_status+0)
;__Lib_Lcd.c,202 :: 		
0x016F	0x0008      	RETURN
; end of _Lcd_Out
_UART1_Init:
;__Lib_UART_c67.c,2 :: 		
;__Lib_UART_c67.c,5 :: 		
0x0170	0x1683      	BSF        STATUS, 5
0x0171	0x1303      	BCF        STATUS, 6
0x0172	0x1698      	BSF        TXSTA, 5
;__Lib_UART_c67.c,6 :: 		
0x0173	0x3090      	MOVLW      144
0x0174	0x1283      	BCF        STATUS, 5
0x0175	0x0098      	MOVWF      RCSTA
;__Lib_UART_c67.c,7 :: 		
0x0176	0x1683      	BSF        STATUS, 5
0x0177	0x1787      	BSF        TRISC7_bit, 7
;__Lib_UART_c67.c,8 :: 		
0x0178	0x1307      	BCF        TRISC6_bit, 6
;__Lib_UART_c67.c,10 :: 		
L_UART1_Init0:
0x0179	0x1283      	BCF        STATUS, 5
0x017A	0x1E8C      	BTFSS      PIR1, 5
0x017B	0x297F      	GOTO       L_UART1_Init1
;__Lib_UART_c67.c,11 :: 		
0x017C	0x081A      	MOVF       RCREG, 0
0x017D	0x00F0      	MOVWF      R0
0x017E	0x2979      	GOTO       L_UART1_Init0
L_UART1_Init1:
;__Lib_UART_c67.c,12 :: 		
0x017F	0x0008      	RETURN
; end of _UART1_Init
_____DoICP:
;__Lib_System.c,6 :: 		
;__Lib_System.c,9 :: 		
0x0180	0x1683      	BSF        STATUS, 5
0x0181	0x1303      	BCF        STATUS, 6
0x0182	0x0823      	MOVF       ___DoICPAddr+1, 0
0x0183	0x008A      	MOVWF      PCLATH
;__Lib_System.c,10 :: 		
0x0184	0x0822      	MOVF       ___DoICPAddr, 0
0x0185	0x0082      	MOVWF      PCL
;__Lib_System.c,12 :: 		
0x0186	0x0008      	RETURN
; end of _____DoICP
_Lcd_Chr:
;__Lib_Lcd.c,65 :: 		
;__Lib_Lcd.c,66 :: 		
0x0187	0x2999      	GOTO       L_Lcd_Chr4
;__Lib_Lcd.c,67 :: 		
L_Lcd_Chr6:
0x0188	0x3080      	MOVLW      128
0x0189	0x1683      	BSF        STATUS, 5
0x018A	0x1303      	BCF        STATUS, 6
0x018B	0x00A5      	MOVWF      FARG_Lcd_Chr_row
0x018C	0x29AC      	GOTO       L_Lcd_Chr5
;__Lib_Lcd.c,68 :: 		
L_Lcd_Chr7:
0x018D	0x30C0      	MOVLW      192
0x018E	0x00A5      	MOVWF      FARG_Lcd_Chr_row
0x018F	0x29AC      	GOTO       L_Lcd_Chr5
;__Lib_Lcd.c,69 :: 		
L_Lcd_Chr8:
0x0190	0x3094      	MOVLW      148
0x0191	0x00A5      	MOVWF      FARG_Lcd_Chr_row
0x0192	0x29AC      	GOTO       L_Lcd_Chr5
;__Lib_Lcd.c,70 :: 		
L_Lcd_Chr9:
0x0193	0x30D4      	MOVLW      212
0x0194	0x00A5      	MOVWF      FARG_Lcd_Chr_row
0x0195	0x29AC      	GOTO       L_Lcd_Chr5
;__Lib_Lcd.c,71 :: 		
L_Lcd_Chr10:
0x0196	0x3080      	MOVLW      128
0x0197	0x00A5      	MOVWF      FARG_Lcd_Chr_row
;__Lib_Lcd.c,72 :: 		
0x0198	0x29AC      	GOTO       L_Lcd_Chr5
L_Lcd_Chr4:
0x0199	0x1683      	BSF        STATUS, 5
0x019A	0x1303      	BCF        STATUS, 6
0x019B	0x0825      	MOVF       FARG_Lcd_Chr_row, 0
0x019C	0x3A01      	XORLW      1
0x019D	0x1903      	BTFSC      STATUS, 2
0x019E	0x2988      	GOTO       L_Lcd_Chr6
0x019F	0x0825      	MOVF       FARG_Lcd_Chr_row, 0
0x01A0	0x3A02      	XORLW      2
0x01A1	0x1903      	BTFSC      STATUS, 2
0x01A2	0x298D      	GOTO       L_Lcd_Chr7
0x01A3	0x0825      	MOVF       FARG_Lcd_Chr_row, 0
0x01A4	0x3A03      	XORLW      3
0x01A5	0x1903      	BTFSC      STATUS, 2
0x01A6	0x2990      	GOTO       L_Lcd_Chr8
0x01A7	0x0825      	MOVF       FARG_Lcd_Chr_row, 0
0x01A8	0x3A04      	XORLW      4
0x01A9	0x1903      	BTFSC      STATUS, 2
0x01AA	0x2993      	GOTO       L_Lcd_Chr9
0x01AB	0x2996      	GOTO       L_Lcd_Chr10
L_Lcd_Chr5:
;__Lib_Lcd.c,74 :: 		
0x01AC	0x0326      	DECF       FARG_Lcd_Chr_column, 0
0x01AD	0x00F0      	MOVWF      R0
0x01AE	0x0825      	MOVF       FARG_Lcd_Chr_row, 0
0x01AF	0x07F0      	ADDWF      R0, 1
0x01B0	0x0870      	MOVF       R0, 0
0x01B1	0x00A5      	MOVWF      FARG_Lcd_Chr_row
;__Lib_Lcd.c,76 :: 		
0x01B2	0x1283      	BCF        STATUS, 5
0x01B3	0x166C      	BSF        __Lib_Lcd_cmd_status, BitPos(__Lib_Lcd_cmd_status+0)
;__Lib_Lcd.c,77 :: 		
0x01B4	0x0870      	MOVF       R0, 0
0x01B5	0x1683      	BSF        STATUS, 5
0x01B6	0x00AA      	MOVWF      FARG_Lcd_Cmd_out_char
0x01B7	0x20CD      	CALL       _Lcd_Cmd
;__Lib_Lcd.c,79 :: 		
0x01B8	0x126C      	BCF        __Lib_Lcd_cmd_status, BitPos(__Lib_Lcd_cmd_status+0)
;__Lib_Lcd.c,80 :: 		
0x01B9	0x1683      	BSF        STATUS, 5
0x01BA	0x0827      	MOVF       FARG_Lcd_Chr_out_char, 0
0x01BB	0x00AA      	MOVWF      FARG_Lcd_Cmd_out_char
0x01BC	0x20CD      	CALL       _Lcd_Cmd
;__Lib_Lcd.c,81 :: 		
0x01BD	0x166C      	BSF        __Lib_Lcd_cmd_status, BitPos(__Lib_Lcd_cmd_status+0)
;__Lib_Lcd.c,82 :: 		
0x01BE	0x0008      	RETURN
; end of _Lcd_Chr
_init_variables:
;Slave.c,102 :: 		void init_variables()
;Slave.c,105 :: 		RAMP_ID = 0x00;
0x01BF	0x1283      	BCF        STATUS, 5
0x01C0	0x1303      	BCF        STATUS, 6
0x01C1	0x01EA      	CLRF       _RAMP_ID
;Slave.c,106 :: 		Category = 0x00;
0x01C2	0x01E9      	CLRF       _Category
;Slave.c,107 :: 		Operation = 0;
0x01C3	0x13EC      	BCF        _Operation, BitPos(_Operation+0)
;Slave.c,108 :: 		Event = 0;
0x01C4	0x136C      	BCF        _Event, BitPos(_Event+0)
;Slave.c,109 :: 		RampOpen = 0;
0x01C5	0x1683      	BSF        STATUS, 5
0x01C6	0x1021      	BCF        _RampOpen, BitPos(_RampOpen+0)
;Slave.c,110 :: 		EXTRampOpen = 0;
0x01C7	0x11A1      	BCF        _EXTRampOpen, BitPos(_EXTRampOpen+0)
;Slave.c,111 :: 		Error = 0;
0x01C8	0x1121      	BCF        _Error, BitPos(_Error+0)
;Slave.c,112 :: 		Sensor = 0;
0x01C9	0x10A1      	BCF        _Sensor, BitPos(_Sensor+0)
;Slave.c,113 :: 		Operation2 = 0;
0x01CA	0x1283      	BCF        STATUS, 5
0x01CB	0x12EC      	BCF        _Operation2, BitPos(_Operation2+0)
;Slave.c,114 :: 		RampOpen2 = 0;
0x01CC	0x136B      	BCF        _RampOpen2, BitPos(_RampOpen2+0)
;Slave.c,116 :: 		TMP_Taster2 = 0;
0x01CD	0x13EB      	BCF        _TMP_Taster2, BitPos(_TMP_Taster2+0)
;Slave.c,117 :: 		TMP_Taster1 = 0;
0x01CE	0x12EB      	BCF        _TMP_Taster1, BitPos(_TMP_Taster1+0)
;Slave.c,119 :: 		TMP_Sensor2 = 0;
0x01CF	0x11EB      	BCF        _TMP_Sensor2, BitPos(_TMP_Sensor2+0)
;Slave.c,120 :: 		TMP_Sensor1 = 0;
0x01D0	0x126B      	BCF        _TMP_Sensor1, BitPos(_TMP_Sensor1+0)
;Slave.c,122 :: 		TMP_Error2 = 0;
0x01D1	0x116C      	BCF        _TMP_Error2, BitPos(_TMP_Error2+0)
;Slave.c,123 :: 		TMP_Error1 = 0;
0x01D2	0x11EC      	BCF        _TMP_Error1, BitPos(_TMP_Error1+0)
;Slave.c,125 :: 		TMP_EXTRampOpen2 = 0;
0x01D3	0x10EC      	BCF        _TMP_EXTRampOpen2, BitPos(_TMP_EXTRampOpen2+0)
;Slave.c,126 :: 		TMP_EXTRampOpen1 = 0;
0x01D4	0x106C      	BCF        _TMP_EXTRampOpen1, BitPos(_TMP_EXTRampOpen1+0)
;Slave.c,127 :: 		BytesToReceive = 0x00;
0x01D5	0x01AA      	CLRF       _BytesToReceive
;Slave.c,128 :: 		ch = 0x00;
0x01D6	0x01A9      	CLRF       _ch
;Slave.c,129 :: 		Command = 0x00;
0x01D7	0x01A4      	CLRF       _Command
;Slave.c,130 :: 		CommandModified = 0x00;
0x01D8	0x01A5      	CLRF       _CommandModified
;Slave.c,131 :: 		Counter = 0x00;
0x01D9	0x01A3      	CLRF       _Counter
;Slave.c,132 :: 		Counter2 = 0x00;
0x01DA	0x01A2      	CLRF       _Counter2
;Slave.c,133 :: 		CallFlag = 0;
0x01DB	0x106B      	BCF        _CallFlag, BitPos(_CallFlag+0)
;Slave.c,134 :: 		RTCSetupFlag = 0;
0x01DC	0x10EB      	BCF        _RTCSetupFlag, BitPos(_RTCSetupFlag+0)
;Slave.c,135 :: 		UpdateLCDFlag = 0;
0x01DD	0x116B      	BCF        _UpdateLCDFlag, BitPos(_UpdateLCDFlag+0)
;Slave.c,136 :: 		Sec_X1 = 0x00;
0x01DE	0x01A8      	CLRF       _Sec_X1
;Slave.c,137 :: 		Sec_X10 = 0x00;
0x01DF	0x01A6      	CLRF       _Sec_X10
;Slave.c,138 :: 		Min_X1 = 0x00;
0x01E0	0x01A7      	CLRF       _Min_X1
;Slave.c,139 :: 		Min_X10 = 0x00;
0x01E1	0x01E2      	CLRF       _Min_X10
;Slave.c,140 :: 		Hour_X1 = 0x00;
0x01E2	0x01E3      	CLRF       _Hour_X1
;Slave.c,141 :: 		Hour_X10 = 0x00;
0x01E3	0x01E1      	CLRF       _Hour_X10
;Slave.c,142 :: 		Tmp_Sec_X1 = 0x00;
0x01E4	0x01DF      	CLRF       _Tmp_Sec_X1
;Slave.c,143 :: 		Tmp_Sec_X10 = 0x00;
0x01E5	0x01E0      	CLRF       _Tmp_Sec_X10
;Slave.c,144 :: 		Tmp_Min_X1 = 0x00;
0x01E6	0x01E7      	CLRF       _Tmp_Min_X1
;Slave.c,145 :: 		Tmp_Min_X10 = 0x00;
0x01E7	0x01E8      	CLRF       _Tmp_Min_X10
;Slave.c,146 :: 		Tmp_Hour_X1 = 0x00;
0x01E8	0x01E6      	CLRF       _Tmp_Hour_X1
;Slave.c,147 :: 		Tmp_Hour_X10 = 0x00;
0x01E9	0x01E4      	CLRF       _Tmp_Hour_X10
;Slave.c,149 :: 		Seconds = 0x00;
0x01EA	0x01E5      	CLRF       _Seconds
;Slave.c,150 :: 		Minutes = 0x00;
0x01EB	0x01DE      	CLRF       _Minutes
;Slave.c,151 :: 		Hours = 0x00;
0x01EC	0x01C9      	CLRF       _Hours
;Slave.c,152 :: 		}
0x01ED	0x0008      	RETURN
; end of _init_variables
_Lcd_Init:
;__Lib_Lcd.c,84 :: 		
;__Lib_Lcd.c,86 :: 		
0x01EE	0x1683      	BSF        STATUS, 5
0x01EF	0x1303      	BCF        STATUS, 6
0x01F0	0x1107      	BCF        LCD_EN_Direction, BitPos(LCD_EN_Direction+0)
;__Lib_Lcd.c,87 :: 		
0x01F1	0x1007      	BCF        LCD_RS_Direction, BitPos(LCD_RS_Direction+0)
;__Lib_Lcd.c,88 :: 		
0x01F2	0x1208      	BCF        LCD_D4_Direction, BitPos(LCD_D4_Direction+0)
;__Lib_Lcd.c,89 :: 		
0x01F3	0x1288      	BCF        LCD_D5_Direction, BitPos(LCD_D5_Direction+0)
;__Lib_Lcd.c,90 :: 		
0x01F4	0x1308      	BCF        LCD_D6_Direction, BitPos(LCD_D6_Direction+0)
;__Lib_Lcd.c,91 :: 		
0x01F5	0x1388      	BCF        LCD_D7_Direction, BitPos(LCD_D7_Direction+0)
;__Lib_Lcd.c,93 :: 		
0x01F6	0x1283      	BCF        STATUS, 5
0x01F7	0x1107      	BCF        LCD_EN, BitPos(LCD_EN+0)
;__Lib_Lcd.c,94 :: 		
0x01F8	0x1007      	BCF        LCD_RS, BitPos(LCD_RS+0)
;__Lib_Lcd.c,95 :: 		
0x01F9	0x1388      	BCF        LCD_D7, BitPos(LCD_D7+0)
;__Lib_Lcd.c,96 :: 		
0x01FA	0x1308      	BCF        LCD_D6, BitPos(LCD_D6+0)
;__Lib_Lcd.c,97 :: 		
0x01FB	0x1288      	BCF        LCD_D5, BitPos(LCD_D5+0)
;__Lib_Lcd.c,98 :: 		
0x01FC	0x1208      	BCF        LCD_D4, BitPos(LCD_D4+0)
;__Lib_Lcd.c,100 :: 		
0x01FD	0x20B9      	CALL       _Delay_5500us
;__Lib_Lcd.c,101 :: 		
0x01FE	0x20B9      	CALL       _Delay_5500us
;__Lib_Lcd.c,102 :: 		
0x01FF	0x20B9      	CALL       _Delay_5500us
;__Lib_Lcd.c,105 :: 		
0x0200	0x1688      	BSF        LCD_D5, BitPos(LCD_D5+0)
;__Lib_Lcd.c,106 :: 		
0x0201	0x1608      	BSF        LCD_D4, BitPos(LCD_D4+0)
;__Lib_Lcd.c,107 :: 		
0x0202	0x1507      	BSF        LCD_EN, BitPos(LCD_EN+0)
;__Lib_Lcd.c,108 :: 		
0x0203	0x20B3      	CALL       _Delay_1us
;__Lib_Lcd.c,109 :: 		
0x0204	0x1107      	BCF        LCD_EN, BitPos(LCD_EN+0)
;__Lib_Lcd.c,110 :: 		
0x0205	0x20B9      	CALL       _Delay_5500us
;__Lib_Lcd.c,112 :: 		
0x0206	0x1507      	BSF        LCD_EN, BitPos(LCD_EN+0)
;__Lib_Lcd.c,113 :: 		
0x0207	0x20B3      	CALL       _Delay_1us
;__Lib_Lcd.c,114 :: 		
0x0208	0x1107      	BCF        LCD_EN, BitPos(LCD_EN+0)
;__Lib_Lcd.c,115 :: 		
0x0209	0x20B9      	CALL       _Delay_5500us
;__Lib_Lcd.c,117 :: 		
0x020A	0x1507      	BSF        LCD_EN, BitPos(LCD_EN+0)
;__Lib_Lcd.c,118 :: 		
0x020B	0x20B3      	CALL       _Delay_1us
;__Lib_Lcd.c,119 :: 		
0x020C	0x1107      	BCF        LCD_EN, BitPos(LCD_EN+0)
;__Lib_Lcd.c,120 :: 		
0x020D	0x20B9      	CALL       _Delay_5500us
;__Lib_Lcd.c,123 :: 		
0x020E	0x1208      	BCF        LCD_D4, BitPos(LCD_D4+0)
;__Lib_Lcd.c,124 :: 		
0x020F	0x1507      	BSF        LCD_EN, BitPos(LCD_EN+0)
;__Lib_Lcd.c,125 :: 		
0x0210	0x20B3      	CALL       _Delay_1us
;__Lib_Lcd.c,126 :: 		
0x0211	0x1107      	BCF        LCD_EN, BitPos(LCD_EN+0)
;__Lib_Lcd.c,127 :: 		
0x0212	0x20B9      	CALL       _Delay_5500us
;__Lib_Lcd.c,130 :: 		
0x0213	0x1507      	BSF        LCD_EN, BitPos(LCD_EN+0)
;__Lib_Lcd.c,131 :: 		
0x0214	0x20B3      	CALL       _Delay_1us
;__Lib_Lcd.c,132 :: 		
0x0215	0x1107      	BCF        LCD_EN, BitPos(LCD_EN+0)
;__Lib_Lcd.c,134 :: 		
0x0216	0x1288      	BCF        LCD_D5, BitPos(LCD_D5+0)
;__Lib_Lcd.c,135 :: 		
0x0217	0x1788      	BSF        LCD_D7, BitPos(LCD_D7+0)
;__Lib_Lcd.c,136 :: 		
0x0218	0x1507      	BSF        LCD_EN, BitPos(LCD_EN+0)
;__Lib_Lcd.c,137 :: 		
0x0219	0x20B3      	CALL       _Delay_1us
;__Lib_Lcd.c,138 :: 		
0x021A	0x1107      	BCF        LCD_EN, BitPos(LCD_EN+0)
;__Lib_Lcd.c,139 :: 		
0x021B	0x20B9      	CALL       _Delay_5500us
;__Lib_Lcd.c,142 :: 		
0x021C	0x1388      	BCF        LCD_D7, BitPos(LCD_D7+0)
;__Lib_Lcd.c,143 :: 		
0x021D	0x1608      	BSF        LCD_D4, BitPos(LCD_D4+0)
;__Lib_Lcd.c,144 :: 		
0x021E	0x1507      	BSF        LCD_EN, BitPos(LCD_EN+0)
;__Lib_Lcd.c,145 :: 		
0x021F	0x20B3      	CALL       _Delay_1us
;__Lib_Lcd.c,146 :: 		
0x0220	0x1107      	BCF        LCD_EN, BitPos(LCD_EN+0)
;__Lib_Lcd.c,148 :: 		
0x0221	0x1208      	BCF        LCD_D4, BitPos(LCD_D4+0)
;__Lib_Lcd.c,149 :: 		
0x0222	0x1507      	BSF        LCD_EN, BitPos(LCD_EN+0)
;__Lib_Lcd.c,150 :: 		
0x0223	0x20B3      	CALL       _Delay_1us
;__Lib_Lcd.c,151 :: 		
0x0224	0x1107      	BCF        LCD_EN, BitPos(LCD_EN+0)
;__Lib_Lcd.c,152 :: 		
0x0225	0x20B9      	CALL       _Delay_5500us
;__Lib_Lcd.c,155 :: 		
0x0226	0x1507      	BSF        LCD_EN, BitPos(LCD_EN+0)
;__Lib_Lcd.c,156 :: 		
0x0227	0x20B3      	CALL       _Delay_1us
;__Lib_Lcd.c,157 :: 		
0x0228	0x1107      	BCF        LCD_EN, BitPos(LCD_EN+0)
;__Lib_Lcd.c,159 :: 		
0x0229	0x1608      	BSF        LCD_D4, BitPos(LCD_D4+0)
;__Lib_Lcd.c,160 :: 		
0x022A	0x1507      	BSF        LCD_EN, BitPos(LCD_EN+0)
;__Lib_Lcd.c,161 :: 		
0x022B	0x20B3      	CALL       _Delay_1us
;__Lib_Lcd.c,162 :: 		
0x022C	0x1107      	BCF        LCD_EN, BitPos(LCD_EN+0)
;__Lib_Lcd.c,163 :: 		
0x022D	0x20B9      	CALL       _Delay_5500us
;__Lib_Lcd.c,166 :: 		
0x022E	0x1208      	BCF        LCD_D4, BitPos(LCD_D4+0)
;__Lib_Lcd.c,167 :: 		
0x022F	0x1507      	BSF        LCD_EN, BitPos(LCD_EN+0)
;__Lib_Lcd.c,168 :: 		
0x0230	0x20B3      	CALL       _Delay_1us
;__Lib_Lcd.c,169 :: 		
0x0231	0x1107      	BCF        LCD_EN, BitPos(LCD_EN+0)
;__Lib_Lcd.c,171 :: 		
0x0232	0x1788      	BSF        LCD_D7, BitPos(LCD_D7+0)
;__Lib_Lcd.c,172 :: 		
0x0233	0x1708      	BSF        LCD_D6, BitPos(LCD_D6+0)
;__Lib_Lcd.c,173 :: 		
0x0234	0x1688      	BSF        LCD_D5, BitPos(LCD_D5+0)
;__Lib_Lcd.c,174 :: 		
0x0235	0x1608      	BSF        LCD_D4, BitPos(LCD_D4+0)
;__Lib_Lcd.c,175 :: 		
0x0236	0x1507      	BSF        LCD_EN, BitPos(LCD_EN+0)
;__Lib_Lcd.c,176 :: 		
0x0237	0x20B3      	CALL       _Delay_1us
;__Lib_Lcd.c,177 :: 		
0x0238	0x1107      	BCF        LCD_EN, BitPos(LCD_EN+0)
;__Lib_Lcd.c,179 :: 		
0x0239	0x20B9      	CALL       _Delay_5500us
;__Lib_Lcd.c,181 :: 		
0x023A	0x166C      	BSF        __Lib_Lcd_cmd_status, BitPos(__Lib_Lcd_cmd_status+0)
;__Lib_Lcd.c,182 :: 		
0x023B	0x0008      	RETURN
; end of _Lcd_Init
_transmit:
;Slave.c,154 :: 		void transmit(unsigned char DATA8b)
;Slave.c,157 :: 		TXREG = DATA8b;
0x023C	0x1683      	BSF        STATUS, 5
0x023D	0x1303      	BCF        STATUS, 6
0x023E	0x0824      	MOVF       FARG_transmit_DATA8b, 0
0x023F	0x1283      	BCF        STATUS, 5
0x0240	0x0099      	MOVWF      TXREG
;Slave.c,158 :: 		while (!TXSTA.TRMT)
L_transmit0:
0x0241	0x1683      	BSF        STATUS, 5
0x0242	0x1898      	BTFSC      TXSTA, 1
0x0243	0x2A45      	GOTO       L_transmit1
;Slave.c,159 :: 		;
0x0244	0x2A41      	GOTO       L_transmit0
L_transmit1:
;Slave.c,160 :: 		}
0x0245	0x0008      	RETURN
; end of _transmit
_init:
;Slave.c,487 :: 		void init()
;Slave.c,491 :: 		TRISA = 0x03;
0x0246	0x3003      	MOVLW      3
0x0247	0x1683      	BSF        STATUS, 5
0x0248	0x1303      	BCF        STATUS, 6
0x0249	0x0085      	MOVWF      TRISA
;Slave.c,493 :: 		TRISB = 0x3F;
0x024A	0x303F      	MOVLW      63
0x024B	0x0086      	MOVWF      TRISB
;Slave.c,494 :: 		TRISC = 0xC0; // pinovi 6 i 7 su vezani za RS232
0x024C	0x30C0      	MOVLW      192
0x024D	0x0087      	MOVWF      TRISC
;Slave.c,496 :: 		TRISD = 0x0F; // pinovi 6 i 7 su vezani za RS232
0x024E	0x300F      	MOVLW      15
0x024F	0x0088      	MOVWF      TRISD
;Slave.c,498 :: 		PORTA = 0x00;
0x0250	0x1283      	BCF        STATUS, 5
0x0251	0x0185      	CLRF       PORTA
;Slave.c,499 :: 		PORTB = 0x00;
0x0252	0x0186      	CLRF       PORTB
;Slave.c,500 :: 		PORTC = 0x00;
0x0253	0x0187      	CLRF       PORTC
;Slave.c,502 :: 		ADCON0 = 0x00;       //iskljucujemo A/D konverziju
0x0254	0x019F      	CLRF       ADCON0
;Slave.c,503 :: 		ADCON1 = 0b00000110; //svi digitalni pinovi
0x0255	0x3006      	MOVLW      6
0x0256	0x1683      	BSF        STATUS, 5
0x0257	0x009F      	MOVWF      ADCON1
;Slave.c,505 :: 		INTCON = 0b11000000; // default
0x0258	0x30C0      	MOVLW      192
0x0259	0x008B      	MOVWF      INTCON
;Slave.c,506 :: 		PIE1 = 0b00000000;   // default
0x025A	0x018C      	CLRF       PIE1
;Slave.c,508 :: 		T1CON = 0b00110000; // konfiguracija za Tajmer 1
0x025B	0x3030      	MOVLW      48
0x025C	0x1283      	BCF        STATUS, 5
0x025D	0x0090      	MOVWF      T1CON
;Slave.c,510 :: 		TMR1H = 0x0B; // startne vrednosti tajmera 1
0x025E	0x300B      	MOVLW      11
0x025F	0x008F      	MOVWF      TMR1H
;Slave.c,511 :: 		TMR1L = 0xDC;
0x0260	0x30DC      	MOVLW      220
0x0261	0x008E      	MOVWF      TMR1L
;Slave.c,512 :: 		T1CON.TMR1ON = 1;
0x0262	0x1410      	BSF        T1CON, 0
;Slave.c,520 :: 		PIR1.TMR1IF = 0;
0x0263	0x100C      	BCF        PIR1, 0
;Slave.c,521 :: 		PIE1.TMR1IE = 1;
0x0264	0x1683      	BSF        STATUS, 5
0x0265	0x140C      	BSF        PIE1, 0
;Slave.c,523 :: 		Uart1_Init(19200);
0x0266	0x3040      	MOVLW      64
0x0267	0x0099      	MOVWF      SPBRG
0x0268	0x1518      	BSF        TXSTA, 2
0x0269	0x2170      	CALL       _UART1_Init
;Slave.c,526 :: 		TXSTA.TXEN = 1;
0x026A	0x1683      	BSF        STATUS, 5
0x026B	0x1698      	BSF        TXSTA, 5
;Slave.c,527 :: 		RCSTA.SPEN = 1;
0x026C	0x1283      	BCF        STATUS, 5
0x026D	0x1798      	BSF        RCSTA, 7
;Slave.c,528 :: 		RCSTA.CREN = 1;
0x026E	0x1618      	BSF        RCSTA, 4
;Slave.c,529 :: 		PIE1.RCIE = 1;
0x026F	0x1683      	BSF        STATUS, 5
0x0270	0x168C      	BSF        PIE1, 5
;Slave.c,531 :: 		INTCON.GIE = 1;
0x0271	0x178B      	BSF        INTCON, 7
;Slave.c,533 :: 		}
0x0272	0x0008      	RETURN
; end of _init
___CC2DW:
;__Lib_System.c,24 :: 		
;__Lib_System.c,27 :: 		
_CC2D_Loop1:
;__Lib_System.c,29 :: 		
0x0273	0x2180      	CALL       _____DoICP
0x0274	0x118A      	BCF        PCLATH, 3
0x0275	0x120A      	BCF        PCLATH, 4
;__Lib_System.c,31 :: 		
0x0276	0x0080      	MOVWF      INDF
;__Lib_System.c,32 :: 		
0x0277	0x0A84      	INCF       FSR, 1
;__Lib_System.c,33 :: 		
0x0278	0x0AA2      	INCF       ___DoICPAddr, 1
;__Lib_System.c,35 :: 		
0x0279	0x1903      	BTFSC      STATUS, 2
;__Lib_System.c,36 :: 		
0x027A	0x0AA3      	INCF       ___DoICPAddr+1, 1
;__Lib_System.c,37 :: 		
0x027B	0x03F0      	DECF       R0, 1
;__Lib_System.c,39 :: 		
0x027C	0x1D03      	BTFSS      STATUS, 2
;__Lib_System.c,40 :: 		
0x027D	0x2A73      	GOTO       _CC2D_Loop1
;__Lib_System.c,42 :: 		
0x027E	0x0008      	RETURN
; end of ___CC2DW
_UpdateLCD:
;Slave.c,465 :: 		void UpdateLCD()
;Slave.c,467 :: 		Lcd_Out(1, 1, "Time:");
0x027F	0x3001      	MOVLW      1
0x0280	0x1683      	BSF        STATUS, 5
0x0281	0x1303      	BCF        STATUS, 6
0x0282	0x00A5      	MOVWF      FARG_Lcd_Out_row
0x0283	0x3001      	MOVLW      1
0x0284	0x00A6      	MOVWF      FARG_Lcd_Out_column
0x0285	0x304A      	MOVLW      ?lstr1_Slave
0x0286	0x00A7      	MOVWF      FARG_Lcd_Out_text
0x0287	0x212D      	CALL       _Lcd_Out
;Slave.c,468 :: 		Lcd_Chr(1, 6, (Hour_X10 + 0x30));
0x0288	0x3001      	MOVLW      1
0x0289	0x1683      	BSF        STATUS, 5
0x028A	0x00A5      	MOVWF      FARG_Lcd_Chr_row
0x028B	0x3006      	MOVLW      6
0x028C	0x00A6      	MOVWF      FARG_Lcd_Chr_column
0x028D	0x3030      	MOVLW      48
0x028E	0x1283      	BCF        STATUS, 5
0x028F	0x0761      	ADDWF      _Hour_X10, 0
0x0290	0x1683      	BSF        STATUS, 5
0x0291	0x00A7      	MOVWF      FARG_Lcd_Chr_out_char
0x0292	0x2187      	CALL       _Lcd_Chr
;Slave.c,469 :: 		Lcd_Chr(1, 7, (Hour_X1 + 0x30));
0x0293	0x3001      	MOVLW      1
0x0294	0x1683      	BSF        STATUS, 5
0x0295	0x00A5      	MOVWF      FARG_Lcd_Chr_row
0x0296	0x3007      	MOVLW      7
0x0297	0x00A6      	MOVWF      FARG_Lcd_Chr_column
0x0298	0x3030      	MOVLW      48
0x0299	0x1283      	BCF        STATUS, 5
0x029A	0x0763      	ADDWF      _Hour_X1, 0
0x029B	0x1683      	BSF        STATUS, 5
0x029C	0x00A7      	MOVWF      FARG_Lcd_Chr_out_char
0x029D	0x2187      	CALL       _Lcd_Chr
;Slave.c,470 :: 		Lcd_Chr(1, 8, ':');
0x029E	0x3001      	MOVLW      1
0x029F	0x1683      	BSF        STATUS, 5
0x02A0	0x00A5      	MOVWF      FARG_Lcd_Chr_row
0x02A1	0x3008      	MOVLW      8
0x02A2	0x00A6      	MOVWF      FARG_Lcd_Chr_column
0x02A3	0x303A      	MOVLW      58
0x02A4	0x00A7      	MOVWF      FARG_Lcd_Chr_out_char
0x02A5	0x2187      	CALL       _Lcd_Chr
;Slave.c,471 :: 		Lcd_Chr(1, 9, (Min_X10 + 0x30));
0x02A6	0x3001      	MOVLW      1
0x02A7	0x1683      	BSF        STATUS, 5
0x02A8	0x00A5      	MOVWF      FARG_Lcd_Chr_row
0x02A9	0x3009      	MOVLW      9
0x02AA	0x00A6      	MOVWF      FARG_Lcd_Chr_column
0x02AB	0x3030      	MOVLW      48
0x02AC	0x1283      	BCF        STATUS, 5
0x02AD	0x0762      	ADDWF      _Min_X10, 0
0x02AE	0x1683      	BSF        STATUS, 5
0x02AF	0x00A7      	MOVWF      FARG_Lcd_Chr_out_char
0x02B0	0x2187      	CALL       _Lcd_Chr
;Slave.c,472 :: 		Lcd_Chr(1, 10, (Min_X1 + 0x30));
0x02B1	0x3001      	MOVLW      1
0x02B2	0x1683      	BSF        STATUS, 5
0x02B3	0x00A5      	MOVWF      FARG_Lcd_Chr_row
0x02B4	0x300A      	MOVLW      10
0x02B5	0x00A6      	MOVWF      FARG_Lcd_Chr_column
0x02B6	0x3030      	MOVLW      48
0x02B7	0x1283      	BCF        STATUS, 5
0x02B8	0x0727      	ADDWF      _Min_X1, 0
0x02B9	0x1683      	BSF        STATUS, 5
0x02BA	0x00A7      	MOVWF      FARG_Lcd_Chr_out_char
0x02BB	0x2187      	CALL       _Lcd_Chr
;Slave.c,473 :: 		Lcd_Chr(1, 11, ':');
0x02BC	0x3001      	MOVLW      1
0x02BD	0x1683      	BSF        STATUS, 5
0x02BE	0x00A5      	MOVWF      FARG_Lcd_Chr_row
0x02BF	0x300B      	MOVLW      11
0x02C0	0x00A6      	MOVWF      FARG_Lcd_Chr_column
0x02C1	0x303A      	MOVLW      58
0x02C2	0x00A7      	MOVWF      FARG_Lcd_Chr_out_char
0x02C3	0x2187      	CALL       _Lcd_Chr
;Slave.c,474 :: 		Lcd_Chr(1, 12, (Sec_X10 + 0x30));
0x02C4	0x3001      	MOVLW      1
0x02C5	0x1683      	BSF        STATUS, 5
0x02C6	0x00A5      	MOVWF      FARG_Lcd_Chr_row
0x02C7	0x300C      	MOVLW      12
0x02C8	0x00A6      	MOVWF      FARG_Lcd_Chr_column
0x02C9	0x3030      	MOVLW      48
0x02CA	0x1283      	BCF        STATUS, 5
0x02CB	0x0726      	ADDWF      _Sec_X10, 0
0x02CC	0x1683      	BSF        STATUS, 5
0x02CD	0x00A7      	MOVWF      FARG_Lcd_Chr_out_char
0x02CE	0x2187      	CALL       _Lcd_Chr
;Slave.c,475 :: 		Lcd_Chr(1, 13, (Sec_X1 + 0x30));
0x02CF	0x3001      	MOVLW      1
0x02D0	0x1683      	BSF        STATUS, 5
0x02D1	0x00A5      	MOVWF      FARG_Lcd_Chr_row
0x02D2	0x300D      	MOVLW      13
0x02D3	0x00A6      	MOVWF      FARG_Lcd_Chr_column
0x02D4	0x3030      	MOVLW      48
0x02D5	0x1283      	BCF        STATUS, 5
0x02D6	0x0728      	ADDWF      _Sec_X1, 0
0x02D7	0x1683      	BSF        STATUS, 5
0x02D8	0x00A7      	MOVWF      FARG_Lcd_Chr_out_char
0x02D9	0x2187      	CALL       _Lcd_Chr
;Slave.c,476 :: 		if (Operation2 == 0x01)
0x02DA	0x1EEC      	BTFSS      _Operation2, BitPos(_Operation2+0)
0x02DB	0x2AE5      	GOTO       L_UpdateLCD101
;Slave.c,477 :: 		Lcd_Out(2, 1, "Operating");
0x02DC	0x3002      	MOVLW      2
0x02DD	0x1683      	BSF        STATUS, 5
0x02DE	0x00A5      	MOVWF      FARG_Lcd_Out_row
0x02DF	0x3001      	MOVLW      1
0x02E0	0x00A6      	MOVWF      FARG_Lcd_Out_column
0x02E1	0x303F      	MOVLW      ?lstr2_Slave
0x02E2	0x00A7      	MOVWF      FARG_Lcd_Out_text
0x02E3	0x212D      	CALL       _Lcd_Out
0x02E4	0x2AF8      	GOTO       L_UpdateLCD102
L_UpdateLCD101:
;Slave.c,478 :: 		else if (Error == 0x01)
0x02E5	0x1683      	BSF        STATUS, 5
0x02E6	0x1D21      	BTFSS      _Error, BitPos(_Error+0)
0x02E7	0x2AF0      	GOTO       L_UpdateLCD103
;Slave.c,479 :: 		Lcd_Out(2, 1, "Error    ");
0x02E8	0x3002      	MOVLW      2
0x02E9	0x00A5      	MOVWF      FARG_Lcd_Out_row
0x02EA	0x3001      	MOVLW      1
0x02EB	0x00A6      	MOVWF      FARG_Lcd_Out_column
0x02EC	0x302B      	MOVLW      ?lstr3_Slave
0x02ED	0x00A7      	MOVWF      FARG_Lcd_Out_text
0x02EE	0x212D      	CALL       _Lcd_Out
0x02EF	0x2AF8      	GOTO       L_UpdateLCD104
L_UpdateLCD103:
;Slave.c,481 :: 		Lcd_Out(2, 1, "         ");
0x02F0	0x3002      	MOVLW      2
0x02F1	0x1683      	BSF        STATUS, 5
0x02F2	0x00A5      	MOVWF      FARG_Lcd_Out_row
0x02F3	0x3001      	MOVLW      1
0x02F4	0x00A6      	MOVWF      FARG_Lcd_Out_column
0x02F5	0x3035      	MOVLW      ?lstr4_Slave
0x02F6	0x00A7      	MOVWF      FARG_Lcd_Out_text
0x02F7	0x212D      	CALL       _Lcd_Out
L_UpdateLCD104:
L_UpdateLCD102:
;Slave.c,482 :: 		if (RampOpen2 == 0x01)
0x02F8	0x1F6B      	BTFSS      _RampOpen2, BitPos(_RampOpen2+0)
0x02F9	0x2B03      	GOTO       L_UpdateLCD105
;Slave.c,483 :: 		Lcd_Out(2, 11, "Opened");
0x02FA	0x3002      	MOVLW      2
0x02FB	0x1683      	BSF        STATUS, 5
0x02FC	0x00A5      	MOVWF      FARG_Lcd_Out_row
0x02FD	0x300B      	MOVLW      11
0x02FE	0x00A6      	MOVWF      FARG_Lcd_Out_column
0x02FF	0x3050      	MOVLW      ?lstr5_Slave
0x0300	0x00A7      	MOVWF      FARG_Lcd_Out_text
0x0301	0x212D      	CALL       _Lcd_Out
0x0302	0x2B0B      	GOTO       L_UpdateLCD106
L_UpdateLCD105:
;Slave.c,485 :: 		Lcd_Out(2, 11, "Closed");
0x0303	0x3002      	MOVLW      2
0x0304	0x1683      	BSF        STATUS, 5
0x0305	0x00A5      	MOVWF      FARG_Lcd_Out_row
0x0306	0x300B      	MOVLW      11
0x0307	0x00A6      	MOVWF      FARG_Lcd_Out_column
0x0308	0x3057      	MOVLW      ?lstr6_Slave
0x0309	0x00A7      	MOVWF      FARG_Lcd_Out_text
0x030A	0x212D      	CALL       _Lcd_Out
L_UpdateLCD106:
;Slave.c,486 :: 		}
0x030B	0x0008      	RETURN
; end of _UpdateLCD
_IncrementTime:
;Slave.c,322 :: 		void IncrementTime()
;Slave.c,324 :: 		if (Sec_X1 >= 9)
0x030C	0x3009      	MOVLW      9
0x030D	0x1283      	BCF        STATUS, 5
0x030E	0x1303      	BCF        STATUS, 6
0x030F	0x0228      	SUBWF      _Sec_X1, 0
0x0310	0x1C03      	BTFSS      STATUS, 0
0x0311	0x2B41      	GOTO       L_IncrementTime59
;Slave.c,326 :: 		Sec_X1 = 0;
0x0312	0x01A8      	CLRF       _Sec_X1
;Slave.c,327 :: 		if (Sec_X10 >= 5)
0x0313	0x3005      	MOVLW      5
0x0314	0x0226      	SUBWF      _Sec_X10, 0
0x0315	0x1C03      	BTFSS      STATUS, 0
0x0316	0x2B3F      	GOTO       L_IncrementTime60
;Slave.c,329 :: 		Sec_X10 = 0;
0x0317	0x01A6      	CLRF       _Sec_X10
;Slave.c,331 :: 		if (Min_X1 >= 9)
0x0318	0x3009      	MOVLW      9
0x0319	0x0227      	SUBWF      _Min_X1, 0
0x031A	0x1C03      	BTFSS      STATUS, 0
0x031B	0x2B3D      	GOTO       L_IncrementTime61
;Slave.c,333 :: 		Min_X1 = 0;
0x031C	0x01A7      	CLRF       _Min_X1
;Slave.c,334 :: 		if (Min_X10 >= 5)
0x031D	0x3005      	MOVLW      5
0x031E	0x0262      	SUBWF      _Min_X10, 0
0x031F	0x1C03      	BTFSS      STATUS, 0
0x0320	0x2B3B      	GOTO       L_IncrementTime62
;Slave.c,336 :: 		Min_X10 = 0;
0x0321	0x01E2      	CLRF       _Min_X10
;Slave.c,338 :: 		if ((Hour_X1 >= 9) || ((Hour_X10 >= 2) && (Hour_X1 >= 3)))
0x0322	0x3009      	MOVLW      9
0x0323	0x0263      	SUBWF      _Hour_X1, 0
0x0324	0x1803      	BTFSC      STATUS, 0
0x0325	0x2B30      	GOTO       L__IncrementTime114
0x0326	0x3002      	MOVLW      2
0x0327	0x0261      	SUBWF      _Hour_X10, 0
0x0328	0x1C03      	BTFSS      STATUS, 0
0x0329	0x2B2F      	GOTO       L__IncrementTime115
0x032A	0x3003      	MOVLW      3
0x032B	0x0263      	SUBWF      _Hour_X1, 0
0x032C	0x1C03      	BTFSS      STATUS, 0
0x032D	0x2B2F      	GOTO       L__IncrementTime115
0x032E	0x2B30      	GOTO       L__IncrementTime114
L__IncrementTime115:
0x032F	0x2B39      	GOTO       L_IncrementTime67
L__IncrementTime114:
;Slave.c,340 :: 		Hour_X1 = 0;
0x0330	0x01E3      	CLRF       _Hour_X1
;Slave.c,341 :: 		if (Hour_X10 == 2)
0x0331	0x0861      	MOVF       _Hour_X10, 0
0x0332	0x3A02      	XORLW      2
0x0333	0x1D03      	BTFSS      STATUS, 2
0x0334	0x2B37      	GOTO       L_IncrementTime68
;Slave.c,343 :: 		Hour_X10 = 0;
0x0335	0x01E1      	CLRF       _Hour_X10
;Slave.c,344 :: 		}
0x0336	0x2B38      	GOTO       L_IncrementTime69
L_IncrementTime68:
;Slave.c,346 :: 		Hour_X10++;
0x0337	0x0AE1      	INCF       _Hour_X10, 1
L_IncrementTime69:
;Slave.c,347 :: 		}
0x0338	0x2B3A      	GOTO       L_IncrementTime70
L_IncrementTime67:
;Slave.c,349 :: 		Hour_X1++;
0x0339	0x0AE3      	INCF       _Hour_X1, 1
L_IncrementTime70:
;Slave.c,351 :: 		}
0x033A	0x2B3C      	GOTO       L_IncrementTime71
L_IncrementTime62:
;Slave.c,353 :: 		Min_X10++;
0x033B	0x0AE2      	INCF       _Min_X10, 1
L_IncrementTime71:
;Slave.c,354 :: 		}
0x033C	0x2B3E      	GOTO       L_IncrementTime72
L_IncrementTime61:
;Slave.c,356 :: 		Min_X1++;
0x033D	0x0AA7      	INCF       _Min_X1, 1
L_IncrementTime72:
;Slave.c,358 :: 		}
0x033E	0x2B40      	GOTO       L_IncrementTime73
L_IncrementTime60:
;Slave.c,360 :: 		Sec_X10++;
0x033F	0x0AA6      	INCF       _Sec_X10, 1
L_IncrementTime73:
;Slave.c,361 :: 		}
0x0340	0x2B42      	GOTO       L_IncrementTime74
L_IncrementTime59:
;Slave.c,363 :: 		Sec_X1++;
0x0341	0x0AA8      	INCF       _Sec_X1, 1
L_IncrementTime74:
;Slave.c,364 :: 		}
0x0342	0x0008      	RETURN
; end of _IncrementTime
_DecodeTime:
;Slave.c,162 :: 		void DecodeTime()
;Slave.c,164 :: 		Seconds = (Sec_X10 << 4) + Sec_X1;
0x0343	0x1283      	BCF        STATUS, 5
0x0344	0x1303      	BCF        STATUS, 6
0x0345	0x0826      	MOVF       _Sec_X10, 0
0x0346	0x00E5      	MOVWF      _Seconds
0x0347	0x0DE5      	RLF        _Seconds, 1
0x0348	0x1065      	BCF        _Seconds, 0
0x0349	0x0DE5      	RLF        _Seconds, 1
0x034A	0x1065      	BCF        _Seconds, 0
0x034B	0x0DE5      	RLF        _Seconds, 1
0x034C	0x1065      	BCF        _Seconds, 0
0x034D	0x0DE5      	RLF        _Seconds, 1
0x034E	0x1065      	BCF        _Seconds, 0
0x034F	0x0828      	MOVF       _Sec_X1, 0
0x0350	0x07E5      	ADDWF      _Seconds, 1
;Slave.c,165 :: 		Minutes = (Min_X10 << 4) + Min_X1;
0x0351	0x0862      	MOVF       _Min_X10, 0
0x0352	0x00DE      	MOVWF      _Minutes
0x0353	0x0DDE      	RLF        _Minutes, 1
0x0354	0x105E      	BCF        _Minutes, 0
0x0355	0x0DDE      	RLF        _Minutes, 1
0x0356	0x105E      	BCF        _Minutes, 0
0x0357	0x0DDE      	RLF        _Minutes, 1
0x0358	0x105E      	BCF        _Minutes, 0
0x0359	0x0DDE      	RLF        _Minutes, 1
0x035A	0x105E      	BCF        _Minutes, 0
0x035B	0x0827      	MOVF       _Min_X1, 0
0x035C	0x07DE      	ADDWF      _Minutes, 1
;Slave.c,166 :: 		Hours = (Hour_X10 << 4) + Hour_X1;
0x035D	0x0861      	MOVF       _Hour_X10, 0
0x035E	0x00C9      	MOVWF      _Hours
0x035F	0x0DC9      	RLF        _Hours, 1
0x0360	0x1049      	BCF        _Hours, 0
0x0361	0x0DC9      	RLF        _Hours, 1
0x0362	0x1049      	BCF        _Hours, 0
0x0363	0x0DC9      	RLF        _Hours, 1
0x0364	0x1049      	BCF        _Hours, 0
0x0365	0x0DC9      	RLF        _Hours, 1
0x0366	0x1049      	BCF        _Hours, 0
0x0367	0x0863      	MOVF       _Hour_X1, 0
0x0368	0x07C9      	ADDWF      _Hours, 1
;Slave.c,167 :: 		}
0x0369	0x0008      	RETURN
; end of _DecodeTime
_ProcessInputs:
;Slave.c,169 :: 		void ProcessInputs()
;Slave.c,171 :: 		TMP_Taster2 = TMP_Taster1;
0x036A	0x1283      	BCF        STATUS, 5
0x036B	0x1303      	BCF        STATUS, 6
0x036C	0x1AEB      	BTFSC      _TMP_Taster1, BitPos(_TMP_Taster1+0)
0x036D	0x2B70      	GOTO       L__ProcessInputs118
0x036E	0x13EB      	BCF        _TMP_Taster2, BitPos(_TMP_Taster2+0)
0x036F	0x2B71      	GOTO       L__ProcessInputs119
L__ProcessInputs118:
0x0370	0x17EB      	BSF        _TMP_Taster2, BitPos(_TMP_Taster2+0)
L__ProcessInputs119:
;Slave.c,172 :: 		if (PinTaster == 1)
0x0371	0x1C06      	BTFSS      PORTB, 0
0x0372	0x2B75      	GOTO       L_ProcessInputs2
;Slave.c,173 :: 		TMP_Taster1 = 1; // aktivan 1
0x0373	0x16EB      	BSF        _TMP_Taster1, BitPos(_TMP_Taster1+0)
0x0374	0x2B76      	GOTO       L_ProcessInputs3
L_ProcessInputs2:
;Slave.c,175 :: 		TMP_Taster1 = 0;
0x0375	0x12EB      	BCF        _TMP_Taster1, BitPos(_TMP_Taster1+0)
L_ProcessInputs3:
;Slave.c,176 :: 		if ((TMP_Taster2 == 1) && (TMP_Taster1 == 1))
0x0376	0x1FEB      	BTFSS      _TMP_Taster2, BitPos(_TMP_Taster2+0)
0x0377	0x2B7C      	GOTO       L_ProcessInputs6
0x0378	0x1EEB      	BTFSS      _TMP_Taster1, BitPos(_TMP_Taster1+0)
0x0379	0x2B7C      	GOTO       L_ProcessInputs6
L__ProcessInputs112:
;Slave.c,178 :: 		Event = 1;
0x037A	0x176C      	BSF        _Event, BitPos(_Event+0)
;Slave.c,179 :: 		PinEvent = 1;
0x037B	0x1605      	BSF        PORTA, 4
;Slave.c,180 :: 		}
L_ProcessInputs6:
;Slave.c,182 :: 		TMP_Sensor2 = TMP_Sensor1;
0x037C	0x1A6B      	BTFSC      _TMP_Sensor1, BitPos(_TMP_Sensor1+0)
0x037D	0x2B80      	GOTO       L__ProcessInputs120
0x037E	0x11EB      	BCF        _TMP_Sensor2, BitPos(_TMP_Sensor2+0)
0x037F	0x2B81      	GOTO       L__ProcessInputs121
L__ProcessInputs120:
0x0380	0x15EB      	BSF        _TMP_Sensor2, BitPos(_TMP_Sensor2+0)
L__ProcessInputs121:
;Slave.c,183 :: 		if (PinSensor == 1)
0x0381	0x1C86      	BTFSS      PORTB, 1
0x0382	0x2B85      	GOTO       L_ProcessInputs7
;Slave.c,184 :: 		TMP_Sensor1 = 1; // aktivan 1
0x0383	0x166B      	BSF        _TMP_Sensor1, BitPos(_TMP_Sensor1+0)
0x0384	0x2B86      	GOTO       L_ProcessInputs8
L_ProcessInputs7:
;Slave.c,186 :: 		TMP_Sensor1 = 0;
0x0385	0x126B      	BCF        _TMP_Sensor1, BitPos(_TMP_Sensor1+0)
L_ProcessInputs8:
;Slave.c,187 :: 		if ((TMP_Sensor2 == 1) && (TMP_Sensor1 == 1))
0x0386	0x1DEB      	BTFSS      _TMP_Sensor2, BitPos(_TMP_Sensor2+0)
0x0387	0x2B8C      	GOTO       L_ProcessInputs11
0x0388	0x1E6B      	BTFSS      _TMP_Sensor1, BitPos(_TMP_Sensor1+0)
0x0389	0x2B8C      	GOTO       L_ProcessInputs11
L__ProcessInputs111:
;Slave.c,188 :: 		RampOpen = 0;
0x038A	0x1683      	BSF        STATUS, 5
0x038B	0x1021      	BCF        _RampOpen, BitPos(_RampOpen+0)
L_ProcessInputs11:
;Slave.c,190 :: 		TMP_Error2 = TMP_Error1;
0x038C	0x1283      	BCF        STATUS, 5
0x038D	0x19EC      	BTFSC      _TMP_Error1, BitPos(_TMP_Error1+0)
0x038E	0x2B91      	GOTO       L__ProcessInputs122
0x038F	0x116C      	BCF        _TMP_Error2, BitPos(_TMP_Error2+0)
0x0390	0x2B92      	GOTO       L__ProcessInputs123
L__ProcessInputs122:
0x0391	0x156C      	BSF        _TMP_Error2, BitPos(_TMP_Error2+0)
L__ProcessInputs123:
;Slave.c,191 :: 		if (PinError == 1)
0x0392	0x1E06      	BTFSS      PORTB, 4
0x0393	0x2B96      	GOTO       L_ProcessInputs12
;Slave.c,192 :: 		TMP_Error1 = 1; // aktivan 1
0x0394	0x15EC      	BSF        _TMP_Error1, BitPos(_TMP_Error1+0)
0x0395	0x2B97      	GOTO       L_ProcessInputs13
L_ProcessInputs12:
;Slave.c,194 :: 		TMP_Error1 = 0;
0x0396	0x11EC      	BCF        _TMP_Error1, BitPos(_TMP_Error1+0)
L_ProcessInputs13:
;Slave.c,195 :: 		if ((TMP_Error2 == 1) && (TMP_Error1 == 1))
0x0397	0x1D6C      	BTFSS      _TMP_Error2, BitPos(_TMP_Error2+0)
0x0398	0x2B9E      	GOTO       L_ProcessInputs16
0x0399	0x1DEC      	BTFSS      _TMP_Error1, BitPos(_TMP_Error1+0)
0x039A	0x2B9E      	GOTO       L_ProcessInputs16
L__ProcessInputs110:
;Slave.c,196 :: 		Error = 1;
0x039B	0x1683      	BSF        STATUS, 5
0x039C	0x1521      	BSF        _Error, BitPos(_Error+0)
0x039D	0x2BA5      	GOTO       L_ProcessInputs17
L_ProcessInputs16:
;Slave.c,197 :: 		else if ((TMP_Error2 == 0) && (TMP_Error1 == 0))
0x039E	0x1283      	BCF        STATUS, 5
0x039F	0x196C      	BTFSC      _TMP_Error2, BitPos(_TMP_Error2+0)
0x03A0	0x2BA5      	GOTO       L_ProcessInputs20
0x03A1	0x19EC      	BTFSC      _TMP_Error1, BitPos(_TMP_Error1+0)
0x03A2	0x2BA5      	GOTO       L_ProcessInputs20
L__ProcessInputs109:
;Slave.c,198 :: 		Error = 0;
0x03A3	0x1683      	BSF        STATUS, 5
0x03A4	0x1121      	BCF        _Error, BitPos(_Error+0)
L_ProcessInputs20:
L_ProcessInputs17:
;Slave.c,200 :: 		TMP_EXTRampOpen2 = TMP_EXTRampOpen1;
0x03A5	0x1283      	BCF        STATUS, 5
0x03A6	0x186C      	BTFSC      _TMP_EXTRampOpen1, BitPos(_TMP_EXTRampOpen1+0)
0x03A7	0x2BAA      	GOTO       L__ProcessInputs124
0x03A8	0x10EC      	BCF        _TMP_EXTRampOpen2, BitPos(_TMP_EXTRampOpen2+0)
0x03A9	0x2BAB      	GOTO       L__ProcessInputs125
L__ProcessInputs124:
0x03AA	0x14EC      	BSF        _TMP_EXTRampOpen2, BitPos(_TMP_EXTRampOpen2+0)
L__ProcessInputs125:
;Slave.c,201 :: 		if (PinEXTRampOpen == 1)
0x03AB	0x1E86      	BTFSS      PORTB, 5
0x03AC	0x2BAF      	GOTO       L_ProcessInputs21
;Slave.c,202 :: 		TMP_EXTRampOpen1 = 1; // aktivan 1
0x03AD	0x146C      	BSF        _TMP_EXTRampOpen1, BitPos(_TMP_EXTRampOpen1+0)
0x03AE	0x2BB0      	GOTO       L_ProcessInputs22
L_ProcessInputs21:
;Slave.c,204 :: 		TMP_EXTRampOpen1 = 0;
0x03AF	0x106C      	BCF        _TMP_EXTRampOpen1, BitPos(_TMP_EXTRampOpen1+0)
L_ProcessInputs22:
;Slave.c,206 :: 		if ((TMP_EXTRampOpen2 == 1) && (TMP_EXTRampOpen1 == 1))
0x03B0	0x1CEC      	BTFSS      _TMP_EXTRampOpen2, BitPos(_TMP_EXTRampOpen2+0)
0x03B1	0x2BB7      	GOTO       L_ProcessInputs25
0x03B2	0x1C6C      	BTFSS      _TMP_EXTRampOpen1, BitPos(_TMP_EXTRampOpen1+0)
0x03B3	0x2BB7      	GOTO       L_ProcessInputs25
L__ProcessInputs108:
;Slave.c,207 :: 		EXTRampOpen = 1;
0x03B4	0x1683      	BSF        STATUS, 5
0x03B5	0x15A1      	BSF        _EXTRampOpen, BitPos(_EXTRampOpen+0)
0x03B6	0x2BBE      	GOTO       L_ProcessInputs26
L_ProcessInputs25:
;Slave.c,208 :: 		else if ((TMP_EXTRampOpen2 == 0) && (TMP_EXTRampOpen1 == 0))
0x03B7	0x1283      	BCF        STATUS, 5
0x03B8	0x18EC      	BTFSC      _TMP_EXTRampOpen2, BitPos(_TMP_EXTRampOpen2+0)
0x03B9	0x2BBE      	GOTO       L_ProcessInputs29
0x03BA	0x186C      	BTFSC      _TMP_EXTRampOpen1, BitPos(_TMP_EXTRampOpen1+0)
0x03BB	0x2BBE      	GOTO       L_ProcessInputs29
L__ProcessInputs107:
;Slave.c,209 :: 		EXTRampOpen = 0;
0x03BC	0x1683      	BSF        STATUS, 5
0x03BD	0x11A1      	BCF        _EXTRampOpen, BitPos(_EXTRampOpen+0)
L_ProcessInputs29:
L_ProcessInputs26:
;Slave.c,211 :: 		if (PORTD.F2 == 1)
0x03BE	0x1283      	BCF        STATUS, 5
0x03BF	0x1D08      	BTFSS      PORTD, 2
0x03C0	0x2BC9      	GOTO       L_ProcessInputs30
;Slave.c,212 :: 		if (PORTD.F3 == 1)
0x03C1	0x1D88      	BTFSS      PORTD, 3
0x03C2	0x2BC6      	GOTO       L_ProcessInputs31
;Slave.c,213 :: 		Category = 0x03;
0x03C3	0x3003      	MOVLW      3
0x03C4	0x00E9      	MOVWF      _Category
0x03C5	0x2BC8      	GOTO       L_ProcessInputs32
L_ProcessInputs31:
;Slave.c,215 :: 		Category = 0x02;
0x03C6	0x3002      	MOVLW      2
0x03C7	0x00E9      	MOVWF      _Category
L_ProcessInputs32:
0x03C8	0x2BCF      	GOTO       L_ProcessInputs33
L_ProcessInputs30:
;Slave.c,216 :: 		else if (PORTD.F3 == 1)
0x03C9	0x1D88      	BTFSS      PORTD, 3
0x03CA	0x2BCE      	GOTO       L_ProcessInputs34
;Slave.c,217 :: 		Category = 0x01;
0x03CB	0x3001      	MOVLW      1
0x03CC	0x00E9      	MOVWF      _Category
0x03CD	0x2BCF      	GOTO       L_ProcessInputs35
L_ProcessInputs34:
;Slave.c,219 :: 		Category = 0x00;
0x03CE	0x01E9      	CLRF       _Category
L_ProcessInputs35:
L_ProcessInputs33:
;Slave.c,220 :: 		}
0x03CF	0x0008      	RETURN
; end of _ProcessInputs
_ConvertTime:
;Slave.c,366 :: 		void ConvertTime(unsigned char ch)
;Slave.c,368 :: 		X1 = ch;
0x03D0	0x1683      	BSF        STATUS, 5
0x03D1	0x1303      	BCF        STATUS, 6
0x03D2	0x082B      	MOVF       FARG_ConvertTime_ch, 0
0x03D3	0x1283      	BCF        STATUS, 5
0x03D4	0x00ED      	MOVWF      _X1
;Slave.c,369 :: 		X10 = 0x00;
0x03D5	0x01EE      	CLRF       _X10
;Slave.c,370 :: 		while (X1 > 9)
L_ConvertTime75:
0x03D6	0x086D      	MOVF       _X1, 0
0x03D7	0x3C09      	SUBLW      9
0x03D8	0x1803      	BTFSC      STATUS, 0
0x03D9	0x2BDE      	GOTO       L_ConvertTime76
;Slave.c,372 :: 		X1 = X1 - 10;
0x03DA	0x300A      	MOVLW      10
0x03DB	0x02ED      	SUBWF      _X1, 1
;Slave.c,373 :: 		X10++;
0x03DC	0x0AEE      	INCF       _X10, 1
;Slave.c,374 :: 		}
0x03DD	0x2BD6      	GOTO       L_ConvertTime75
L_ConvertTime76:
;Slave.c,375 :: 		}
0x03DE	0x0008      	RETURN
; end of _ConvertTime
_main:
0x03DF	0x24E0      	CALL       1248
;Slave.c,222 :: 		void main()
;Slave.c,224 :: 		init();
0x03E0	0x2246      	CALL       _init
;Slave.c,225 :: 		init_variables();
0x03E1	0x21BF      	CALL       _init_variables
;Slave.c,226 :: 		Lcd_Init();
0x03E2	0x21EE      	CALL       _Lcd_Init
;Slave.c,227 :: 		Lcd_Cmd(_LCD_CURSOR_OFF); // Cursor off
0x03E3	0x300C      	MOVLW      12
0x03E4	0x1683      	BSF        STATUS, 5
0x03E5	0x00AA      	MOVWF      FARG_Lcd_Cmd_out_char
0x03E6	0x20CD      	CALL       _Lcd_Cmd
;Slave.c,228 :: 		UpdateLCD();
0x03E7	0x227F      	CALL       _UpdateLCD
;Slave.c,230 :: 		while (1)
L_main36:
;Slave.c,233 :: 		RampOpen2 = RampOpen | EXTRampOpen;
0x03E8	0x1683      	BSF        STATUS, 5
0x03E9	0x1821      	BTFSC      _RampOpen, BitPos(_RampOpen+0)
0x03EA	0x2BF0      	GOTO       L__main126
0x03EB	0x19A1      	BTFSC      _EXTRampOpen, BitPos(_EXTRampOpen+0)
0x03EC	0x2BF0      	GOTO       L__main126
0x03ED	0x1283      	BCF        STATUS, 5
0x03EE	0x136B      	BCF        _RampOpen2, BitPos(_RampOpen2+0)
0x03EF	0x2BF2      	GOTO       L__main127
L__main126:
0x03F0	0x1283      	BCF        STATUS, 5
0x03F1	0x176B      	BSF        _RampOpen2, BitPos(_RampOpen2+0)
L__main127:
;Slave.c,234 :: 		if (Error == 1)
0x03F2	0x1683      	BSF        STATUS, 5
0x03F3	0x1D21      	BTFSS      _Error, BitPos(_Error+0)
0x03F4	0x2BF8      	GOTO       L_main38
;Slave.c,235 :: 		Operation2 = 0;
0x03F5	0x1283      	BCF        STATUS, 5
0x03F6	0x12EC      	BCF        _Operation2, BitPos(_Operation2+0)
0x03F7	0x2BFE      	GOTO       L_main39
L_main38:
0x03F8	0x1283      	BCF        STATUS, 5
;Slave.c,237 :: 		Operation2 = Operation;
0x03F9	0x1BEC      	BTFSC      _Operation, BitPos(_Operation+0)
0x03FA	0x2BFD      	GOTO       L__main128
0x03FB	0x12EC      	BCF        _Operation2, BitPos(_Operation2+0)
0x03FC	0x2BFE      	GOTO       L__main129
L__main128:
0x03FD	0x16EC      	BSF        _Operation2, BitPos(_Operation2+0)
L__main129:
L_main39:
;Slave.c,238 :: 		PinOperation = Operation2;
0x03FE	0x1AEC      	BTFSC      _Operation2, BitPos(_Operation2+0)
0x03FF	0x2C02      	GOTO       L__main130
0x0400	0x1105      	BCF        PORTA, 2
0x0401	0x2C03      	GOTO       L__main131
L__main130:
0x0402	0x1505      	BSF        PORTA, 2
L__main131:
;Slave.c,239 :: 		PinRampOpen = RampOpen2;
0x0403	0x1B6B      	BTFSC      _RampOpen2, BitPos(_RampOpen2+0)
0x0404	0x2C07      	GOTO       L__main132
0x0405	0x1185      	BCF        PORTA, 3
0x0406	0x2C08      	GOTO       L__main133
L__main132:
0x0407	0x1585      	BSF        PORTA, 3
L__main133:
;Slave.c,240 :: 		if (UpdateLCDFlag == 1)
0x0408	0x1D6B      	BTFSS      _UpdateLCDFlag, BitPos(_UpdateLCDFlag+0)
0x0409	0x2C0C      	GOTO       L_main40
;Slave.c,242 :: 		UpdateLCDFlag = 0;
0x040A	0x116B      	BCF        _UpdateLCDFlag, BitPos(_UpdateLCDFlag+0)
;Slave.c,243 :: 		UpdateLCD();
0x040B	0x227F      	CALL       _UpdateLCD
;Slave.c,244 :: 		}
L_main40:
;Slave.c,246 :: 		if ((BytesToReceive > 0) && (Counter2 == 0))
0x040C	0x082A      	MOVF       _BytesToReceive, 0
0x040D	0x3C00      	SUBLW      0
0x040E	0x1803      	BTFSC      STATUS, 0
0x040F	0x2C15      	GOTO       L_main43
0x0410	0x0822      	MOVF       _Counter2, 0
0x0411	0x3A00      	XORLW      0
0x0412	0x1D03      	BTFSS      STATUS, 2
0x0413	0x2C15      	GOTO       L_main43
L__main113:
;Slave.c,248 :: 		BytesToReceive = 0;
0x0414	0x01AA      	CLRF       _BytesToReceive
;Slave.c,249 :: 		}
L_main43:
;Slave.c,250 :: 		if (CallFlag == 1)
0x0415	0x1C6B      	BTFSS      _CallFlag, BitPos(_CallFlag+0)
0x0416	0x2C71      	GOTO       L_main44
;Slave.c,252 :: 		if ((Command & 0x10) == 0x10)
0x0417	0x3010      	MOVLW      16
0x0418	0x0524      	ANDWF      _Command, 0
0x0419	0x00F1      	MOVWF      R1
0x041A	0x0871      	MOVF       R1, 0
0x041B	0x3A10      	XORLW      16
0x041C	0x1D03      	BTFSS      STATUS, 2
0x041D	0x2C20      	GOTO       L_main45
;Slave.c,253 :: 		Operation = 1;
0x041E	0x17EC      	BSF        _Operation, BitPos(_Operation+0)
0x041F	0x2C21      	GOTO       L_main46
L_main45:
;Slave.c,255 :: 		Operation = 0;
0x0420	0x13EC      	BCF        _Operation, BitPos(_Operation+0)
L_main46:
;Slave.c,256 :: 		if (Error == 1)
0x0421	0x1683      	BSF        STATUS, 5
0x0422	0x1D21      	BTFSS      _Error, BitPos(_Error+0)
0x0423	0x2C35      	GOTO       L_main47
;Slave.c,259 :: 		DR = 1;
0x0424	0x1283      	BCF        STATUS, 5
0x0425	0x1687      	BSF        PORTC, 5
;Slave.c,260 :: 		if (Operation == 0x01)
0x0426	0x1FEC      	BTFSS      _Operation, BitPos(_Operation+0)
0x0427	0x2C2C      	GOTO       L_main48
;Slave.c,261 :: 		CommandModified = 0b00010000 | RAMP_ID;
0x0428	0x3010      	MOVLW      16
0x0429	0x046A      	IORWF      _RAMP_ID, 0
0x042A	0x00A5      	MOVWF      _CommandModified
0x042B	0x2C2E      	GOTO       L_main49
L_main48:
;Slave.c,263 :: 		CommandModified = 0b00000000 | RAMP_ID;
0x042C	0x086A      	MOVF       _RAMP_ID, 0
0x042D	0x00A5      	MOVWF      _CommandModified
L_main49:
;Slave.c,264 :: 		transmit(CommandModified);
0x042E	0x0825      	MOVF       _CommandModified, 0
0x042F	0x1683      	BSF        STATUS, 5
0x0430	0x00A4      	MOVWF      FARG_transmit_DATA8b
0x0431	0x223C      	CALL       _transmit
;Slave.c,265 :: 		DR = 0;
0x0432	0x1283      	BCF        STATUS, 5
0x0433	0x1287      	BCF        PORTC, 5
;Slave.c,266 :: 		}
0x0434	0x2C6F      	GOTO       L_main50
L_main47:
0x0435	0x1283      	BCF        STATUS, 5
;Slave.c,267 :: 		else if (Event == 0)
0x0436	0x1B6C      	BTFSC      _Event, BitPos(_Event+0)
0x0437	0x2C49      	GOTO       L_main51
;Slave.c,271 :: 		DR = 1;
0x0438	0x1687      	BSF        PORTC, 5
;Slave.c,272 :: 		if (Operation == 1)
0x0439	0x1FEC      	BTFSS      _Operation, BitPos(_Operation+0)
0x043A	0x2C3F      	GOTO       L_main52
;Slave.c,273 :: 		CommandModified = 0b00110000 | RAMP_ID;
0x043B	0x3030      	MOVLW      48
0x043C	0x046A      	IORWF      _RAMP_ID, 0
0x043D	0x00A5      	MOVWF      _CommandModified
0x043E	0x2C42      	GOTO       L_main53
L_main52:
;Slave.c,275 :: 		CommandModified = 0b00100000 | RAMP_ID;
0x043F	0x3020      	MOVLW      32
0x0440	0x046A      	IORWF      _RAMP_ID, 0
0x0441	0x00A5      	MOVWF      _CommandModified
L_main53:
;Slave.c,276 :: 		transmit(CommandModified);
0x0442	0x0825      	MOVF       _CommandModified, 0
0x0443	0x1683      	BSF        STATUS, 5
0x0444	0x00A4      	MOVWF      FARG_transmit_DATA8b
0x0445	0x223C      	CALL       _transmit
;Slave.c,277 :: 		DR = 0;
0x0446	0x1283      	BCF        STATUS, 5
0x0447	0x1287      	BCF        PORTC, 5
;Slave.c,278 :: 		}
0x0448	0x2C6F      	GOTO       L_main54
L_main51:
;Slave.c,285 :: 		if (Operation == 1)
0x0449	0x1FEC      	BTFSS      _Operation, BitPos(_Operation+0)
0x044A	0x2C6F      	GOTO       L_main55
;Slave.c,287 :: 		DR = 1;
0x044B	0x1687      	BSF        PORTC, 5
;Slave.c,288 :: 		CommandModified = 0b01010000 | RAMP_ID;
0x044C	0x3050      	MOVLW      80
0x044D	0x046A      	IORWF      _RAMP_ID, 0
0x044E	0x00F0      	MOVWF      R0
0x044F	0x0870      	MOVF       R0, 0
0x0450	0x00A5      	MOVWF      _CommandModified
;Slave.c,289 :: 		transmit(CommandModified);
0x0451	0x0870      	MOVF       R0, 0
0x0452	0x1683      	BSF        STATUS, 5
0x0453	0x00A4      	MOVWF      FARG_transmit_DATA8b
0x0454	0x223C      	CALL       _transmit
;Slave.c,290 :: 		transmit(Seconds);
0x0455	0x1283      	BCF        STATUS, 5
0x0456	0x0865      	MOVF       _Seconds, 0
0x0457	0x1683      	BSF        STATUS, 5
0x0458	0x00A4      	MOVWF      FARG_transmit_DATA8b
0x0459	0x223C      	CALL       _transmit
;Slave.c,291 :: 		transmit(Minutes);
0x045A	0x1283      	BCF        STATUS, 5
0x045B	0x085E      	MOVF       _Minutes, 0
0x045C	0x1683      	BSF        STATUS, 5
0x045D	0x00A4      	MOVWF      FARG_transmit_DATA8b
0x045E	0x223C      	CALL       _transmit
;Slave.c,292 :: 		transmit(Hours);
0x045F	0x1283      	BCF        STATUS, 5
0x0460	0x0849      	MOVF       _Hours, 0
0x0461	0x1683      	BSF        STATUS, 5
0x0462	0x00A4      	MOVWF      FARG_transmit_DATA8b
0x0463	0x223C      	CALL       _transmit
;Slave.c,293 :: 		transmit(Category);
0x0464	0x1283      	BCF        STATUS, 5
0x0465	0x0869      	MOVF       _Category, 0
0x0466	0x1683      	BSF        STATUS, 5
0x0467	0x00A4      	MOVWF      FARG_transmit_DATA8b
0x0468	0x223C      	CALL       _transmit
;Slave.c,294 :: 		DR = 0;
0x0469	0x1283      	BCF        STATUS, 5
0x046A	0x1287      	BCF        PORTC, 5
;Slave.c,295 :: 		Event = 0;
0x046B	0x136C      	BCF        _Event, BitPos(_Event+0)
;Slave.c,296 :: 		PinEvent = 0;
0x046C	0x1205      	BCF        PORTA, 4
;Slave.c,297 :: 		RampOpen = 1;
0x046D	0x1683      	BSF        STATUS, 5
0x046E	0x1421      	BSF        _RampOpen, BitPos(_RampOpen+0)
;Slave.c,298 :: 		}
L_main55:
;Slave.c,299 :: 		}
L_main54:
L_main50:
;Slave.c,300 :: 		CallFlag = 0;
0x046F	0x1283      	BCF        STATUS, 5
0x0470	0x106B      	BCF        _CallFlag, BitPos(_CallFlag+0)
;Slave.c,301 :: 		}
L_main44:
;Slave.c,302 :: 		if (RTCSetupFlag == 1)
0x0471	0x1CEB      	BTFSS      _RTCSetupFlag, BitPos(_RTCSetupFlag+0)
0x0472	0x2C90      	GOTO       L_main56
;Slave.c,304 :: 		Sec_X1 = Tmp_Sec_X1;
0x0473	0x085F      	MOVF       _Tmp_Sec_X1, 0
0x0474	0x00A8      	MOVWF      _Sec_X1
;Slave.c,305 :: 		Sec_X10 = Tmp_Sec_X10;
0x0475	0x0860      	MOVF       _Tmp_Sec_X10, 0
0x0476	0x00A6      	MOVWF      _Sec_X10
;Slave.c,306 :: 		Min_X1 = Tmp_Min_X1;
0x0477	0x0867      	MOVF       _Tmp_Min_X1, 0
0x0478	0x00A7      	MOVWF      _Min_X1
;Slave.c,307 :: 		Min_X10 = Tmp_Min_X10;
0x0479	0x0868      	MOVF       _Tmp_Min_X10, 0
0x047A	0x00E2      	MOVWF      _Min_X10
;Slave.c,308 :: 		Hour_X1 = Tmp_Hour_X1;
0x047B	0x0866      	MOVF       _Tmp_Hour_X1, 0
0x047C	0x00E3      	MOVWF      _Hour_X1
;Slave.c,309 :: 		Hour_X10 = Tmp_Hour_X10;
0x047D	0x0864      	MOVF       _Tmp_Hour_X10, 0
0x047E	0x00E1      	MOVWF      _Hour_X10
;Slave.c,310 :: 		DR = 1;
0x047F	0x1687      	BSF        PORTC, 5
;Slave.c,311 :: 		if (Operation == 1)
0x0480	0x1FEC      	BTFSS      _Operation, BitPos(_Operation+0)
0x0481	0x2C86      	GOTO       L_main57
;Slave.c,312 :: 		CommandModified = 0b01110000 | RAMP_ID;
0x0482	0x3070      	MOVLW      112
0x0483	0x046A      	IORWF      _RAMP_ID, 0
0x0484	0x00A5      	MOVWF      _CommandModified
0x0485	0x2C89      	GOTO       L_main58
L_main57:
;Slave.c,314 :: 		CommandModified = 0b01100000 | RAMP_ID;
0x0486	0x3060      	MOVLW      96
0x0487	0x046A      	IORWF      _RAMP_ID, 0
0x0488	0x00A5      	MOVWF      _CommandModified
L_main58:
;Slave.c,315 :: 		transmit(CommandModified);
0x0489	0x0825      	MOVF       _CommandModified, 0
0x048A	0x1683      	BSF        STATUS, 5
0x048B	0x00A4      	MOVWF      FARG_transmit_DATA8b
0x048C	0x223C      	CALL       _transmit
;Slave.c,316 :: 		RTCSetupFlag = 0;
0x048D	0x1283      	BCF        STATUS, 5
0x048E	0x10EB      	BCF        _RTCSetupFlag, BitPos(_RTCSetupFlag+0)
;Slave.c,317 :: 		DR = 0;
0x048F	0x1287      	BCF        PORTC, 5
;Slave.c,318 :: 		}
L_main56:
;Slave.c,319 :: 		}
0x0490	0x2BE8      	GOTO       L_main36
;Slave.c,320 :: 		}
0x0491	0x2C91      	GOTO       $+0
; end of _main
0x04E0	0x3022      	MOVLW      34
0x04E1	0x0084      	MOVWF      FSR
0x04E2	0x3049      	MOVLW      73
0x04E3	0x1283      	BCF        STATUS, 5
0x04E4	0x1303      	BCF        STATUS, 6
0x04E5	0x00F0      	MOVWF      R0
0x04E6	0x3097      	MOVLW      151
0x04E7	0x1683      	BSF        STATUS, 5
0x04E8	0x00A2      	MOVWF      ___DoICPAddr
0x04E9	0x3004      	MOVLW      4
0x04EA	0x00A3      	MOVWF      163
0x04EB	0x2273      	CALL       627
0x04EC	0x0008      	RETURN
;Slave.c,0 :: ?ICS_Counter2
0x0497	0x3400 ;?ICS_Counter2+0
; end of ?ICS_Counter2
;Slave.c,0 :: ?ICS_Counter
0x0498	0x3400 ;?ICS_Counter+0
; end of ?ICS_Counter
;Slave.c,0 :: ?ICS_Command
0x0499	0x3400 ;?ICS_Command+0
; end of ?ICS_Command
;Slave.c,0 :: ?ICS_CommandModified
0x049A	0x3400 ;?ICS_CommandModified+0
; end of ?ICS_CommandModified
;Slave.c,0 :: ?ICS_Sec_X10
0x049B	0x3400 ;?ICS_Sec_X10+0
; end of ?ICS_Sec_X10
;Slave.c,0 :: ?ICS_Min_X1
0x049C	0x3400 ;?ICS_Min_X1+0
; end of ?ICS_Min_X1
;Slave.c,0 :: ?ICS_Sec_X1
0x049D	0x3400 ;?ICS_Sec_X1+0
; end of ?ICS_Sec_X1
;Slave.c,0 :: ?ICS_ch
0x049E	0x3400 ;?ICS_ch+0
; end of ?ICS_ch
;Slave.c,0 :: ?ICS_BytesToReceive
0x049F	0x3400 ;?ICS_BytesToReceive+0
; end of ?ICS_BytesToReceive
;Slave.c,0 :: ?ICS?lstr3_Slave
0x04A0	0x3445 ;?ICS?lstr3_Slave+0
0x04A1	0x3472 ;?ICS?lstr3_Slave+1
0x04A2	0x3472 ;?ICS?lstr3_Slave+2
0x04A3	0x346F ;?ICS?lstr3_Slave+3
0x04A4	0x3472 ;?ICS?lstr3_Slave+4
0x04A5	0x3420 ;?ICS?lstr3_Slave+5
0x04A6	0x3420 ;?ICS?lstr3_Slave+6
0x04A7	0x3420 ;?ICS?lstr3_Slave+7
0x04A8	0x3420 ;?ICS?lstr3_Slave+8
0x04A9	0x3400 ;?ICS?lstr3_Slave+9
; end of ?ICS?lstr3_Slave
;Slave.c,0 :: ?ICS?lstr4_Slave
0x04AA	0x3420 ;?ICS?lstr4_Slave+0
0x04AB	0x3420 ;?ICS?lstr4_Slave+1
0x04AC	0x3420 ;?ICS?lstr4_Slave+2
0x04AD	0x3420 ;?ICS?lstr4_Slave+3
0x04AE	0x3420 ;?ICS?lstr4_Slave+4
0x04AF	0x3420 ;?ICS?lstr4_Slave+5
0x04B0	0x3420 ;?ICS?lstr4_Slave+6
0x04B1	0x3420 ;?ICS?lstr4_Slave+7
0x04B2	0x3420 ;?ICS?lstr4_Slave+8
0x04B3	0x3400 ;?ICS?lstr4_Slave+9
; end of ?ICS?lstr4_Slave
;Slave.c,0 :: ?ICS?lstr2_Slave
0x04B4	0x344F ;?ICS?lstr2_Slave+0
0x04B5	0x3470 ;?ICS?lstr2_Slave+1
0x04B6	0x3465 ;?ICS?lstr2_Slave+2
0x04B7	0x3472 ;?ICS?lstr2_Slave+3
0x04B8	0x3461 ;?ICS?lstr2_Slave+4
0x04B9	0x3474 ;?ICS?lstr2_Slave+5
0x04BA	0x3469 ;?ICS?lstr2_Slave+6
0x04BB	0x346E ;?ICS?lstr2_Slave+7
0x04BC	0x3467 ;?ICS?lstr2_Slave+8
0x04BD	0x3400 ;?ICS?lstr2_Slave+9
; end of ?ICS?lstr2_Slave
;Slave.c,0 :: ?ICS_Hours
0x04BE	0x3400 ;?ICS_Hours+0
; end of ?ICS_Hours
;Slave.c,0 :: ?ICS?lstr1_Slave
0x04BF	0x3454 ;?ICS?lstr1_Slave+0
0x04C0	0x3469 ;?ICS?lstr1_Slave+1
0x04C1	0x346D ;?ICS?lstr1_Slave+2
0x04C2	0x3465 ;?ICS?lstr1_Slave+3
0x04C3	0x343A ;?ICS?lstr1_Slave+4
0x04C4	0x3400 ;?ICS?lstr1_Slave+5
; end of ?ICS?lstr1_Slave
;Slave.c,0 :: ?ICS?lstr5_Slave
0x04C5	0x344F ;?ICS?lstr5_Slave+0
0x04C6	0x3470 ;?ICS?lstr5_Slave+1
0x04C7	0x3465 ;?ICS?lstr5_Slave+2
0x04C8	0x346E ;?ICS?lstr5_Slave+3
0x04C9	0x3465 ;?ICS?lstr5_Slave+4
0x04CA	0x3464 ;?ICS?lstr5_Slave+5
0x04CB	0x3400 ;?ICS?lstr5_Slave+6
; end of ?ICS?lstr5_Slave
;Slave.c,0 :: ?ICS?lstr6_Slave
0x04CC	0x3443 ;?ICS?lstr6_Slave+0
0x04CD	0x346C ;?ICS?lstr6_Slave+1
0x04CE	0x346F ;?ICS?lstr6_Slave+2
0x04CF	0x3473 ;?ICS?lstr6_Slave+3
0x04D0	0x3465 ;?ICS?lstr6_Slave+4
0x04D1	0x3464 ;?ICS?lstr6_Slave+5
0x04D2	0x3400 ;?ICS?lstr6_Slave+6
; end of ?ICS?lstr6_Slave
;Slave.c,0 :: ?ICS_Minutes
0x04D3	0x3400 ;?ICS_Minutes+0
; end of ?ICS_Minutes
;Slave.c,0 :: ?ICS_Tmp_Sec_X1
0x04D4	0x3400 ;?ICS_Tmp_Sec_X1+0
; end of ?ICS_Tmp_Sec_X1
;Slave.c,0 :: ?ICS_Tmp_Sec_X10
0x04D5	0x3400 ;?ICS_Tmp_Sec_X10+0
; end of ?ICS_Tmp_Sec_X10
;Slave.c,0 :: ?ICS_Hour_X10
0x04D6	0x3400 ;?ICS_Hour_X10+0
; end of ?ICS_Hour_X10
;Slave.c,0 :: ?ICS_Min_X10
0x04D7	0x3400 ;?ICS_Min_X10+0
; end of ?ICS_Min_X10
;Slave.c,0 :: ?ICS_Hour_X1
0x04D8	0x3400 ;?ICS_Hour_X1+0
; end of ?ICS_Hour_X1
;Slave.c,0 :: ?ICS_Tmp_Hour_X10
0x04D9	0x3400 ;?ICS_Tmp_Hour_X10+0
; end of ?ICS_Tmp_Hour_X10
;Slave.c,0 :: ?ICS_Seconds
0x04DA	0x3400 ;?ICS_Seconds+0
; end of ?ICS_Seconds
;Slave.c,0 :: ?ICS_Tmp_Hour_X1
0x04DB	0x3400 ;?ICS_Tmp_Hour_X1+0
; end of ?ICS_Tmp_Hour_X1
;Slave.c,0 :: ?ICS_Tmp_Min_X1
0x04DC	0x3400 ;?ICS_Tmp_Min_X1+0
; end of ?ICS_Tmp_Min_X1
;Slave.c,0 :: ?ICS_Tmp_Min_X10
0x04DD	0x3400 ;?ICS_Tmp_Min_X10+0
; end of ?ICS_Tmp_Min_X10
;Slave.c,0 :: ?ICS_Category
0x04DE	0x3400 ;?ICS_Category+0
; end of ?ICS_Category
;Slave.c,0 :: ?ICS_RAMP_ID
0x04DF	0x3400 ;?ICS_RAMP_ID+0
; end of ?ICS_RAMP_ID
Symbol List:
//** Routines locations **
//ADDRESS    SIZE    PROCEDURE
//----------------------------------------------
0x0004     [175]    _interrupt
0x00B3       [6]    _Delay_1us
0x00B9      [13]    _Delay_5500us
0x00C6       [7]    _Delay_50us
0x00CD      [87]    _Lcd_Cmd
0x0124       [9]    _Lcd_Chr_CP
0x012D      [67]    _Lcd_Out
0x0170      [16]    _UART1_Init
0x0180       [7]    _____DoICP
0x0187      [56]    _Lcd_Chr
0x01BF      [47]    _init_variables
0x01EE      [78]    _Lcd_Init
0x023C      [10]    _transmit
0x0246      [45]    _init
0x0273      [12]    ___CC2DW
0x027F     [141]    _UpdateLCD
0x030C      [55]    _IncrementTime
0x0343      [39]    _DecodeTime
0x036A     [102]    _ProcessInputs
0x03D0      [15]    _ConvertTime
0x03DF     [178]    _main
//** Variables locations ** 
//ADDRESS    SIZE    VARIABLE
//----------------------------------------------
0x0000       [1]    INDF
0x0001       [1]    TMR0
0x0002       [1]    PCL
0x0003       [0]    RP0_bit
0x0003       [0]    C_bit
0x0003       [0]    RP1_bit
0x0003       [0]    IRP_bit
0x0003       [1]    STATUS
0x0003       [0]    NOT_TO_bit
0x0003       [0]    NOT_PD_bit
0x0003       [0]    DC_bit
0x0003       [0]    Z_bit
0x0004       [1]    FSR
0x0004       [1]    FSRPTR
0x0005       [0]    RA1_bit
0x0005       [0]    RA0_bit
0x0005       [0]    RA2_bit
0x0005       [0]    RA4_bit
0x0005       [0]    RA5_bit
0x0005       [0]    RA3_bit
0x0005       [1]    PORTA
0x0006       [0]    RB2_bit
0x0006       [0]    RB3_bit
0x0006       [0]    RB0_bit
0x0006       [0]    RB1_bit
0x0006       [0]    RB6_bit
0x0006       [0]    RB7_bit
0x0006       [1]    PORTB
0x0006       [0]    RB5_bit
0x0006       [0]    RB4_bit
0x0007       [0]    LCD_EN
0x0007       [0]    LCD_RS
0x0007       [0]    RC7_bit
0x0007       [0]    RC6_bit
0x0007       [0]    RC5_bit
0x0007       [0]    RC2_bit
0x0007       [1]    PORTC
0x0007       [0]    RC0_bit
0x0007       [0]    RC1_bit
0x0007       [0]    RC3_bit
0x0007       [0]    RC4_bit
0x0008       [1]    PORTD
0x0008       [0]    RD1_bit
0x0008       [0]    RD6_bit
0x0008       [0]    RD4_bit
0x0008       [0]    RD3_bit
0x0008       [0]    RD5_bit
0x0008       [0]    RD2_bit
0x0008       [0]    RD7_bit
0x0008       [0]    LCD_D6
0x0008       [0]    LCD_D7
0x0008       [0]    LCD_D4
0x0008       [0]    LCD_D5
0x0008       [0]    RD0_bit
0x0009       [1]    PORTE
0x0009       [0]    RE0_bit
0x0009       [0]    RE2_bit
0x0009       [0]    RE1_bit
0x000A       [1]    PCLATH
0x000B       [0]    RBIE_bit
0x000B       [0]    INTE_bit
0x000B       [0]    TMR0IF_bit
0x000B       [0]    T0IF_bit
0x000B       [0]    PEIE_bit
0x000B       [0]    GIE_bit
0x000B       [0]    TMR0IE_bit
0x000B       [0]    T0IE_bit
0x000B       [1]    INTCON
0x000B       [0]    RBIF_bit
0x000B       [0]    INTF_bit
0x000C       [0]    ADIF_bit
0x000C       [1]    PIR1
0x000C       [0]    RCIF_bit
0x000C       [0]    TMR2IF_bit
0x000C       [0]    TMR1IF_bit
0x000C       [0]    CCP1IF_bit
0x000C       [0]    TXIF_bit
0x000C       [0]    SSPIF_bit
0x000C       [0]    PSPIF_bit
0x000D       [0]    BCLIF_bit
0x000D       [1]    PIR2
0x000D       [0]    CMIF_bit
0x000D       [0]    EEIF_bit
0x000D       [0]    CCP2IF_bit
0x000E       [1]    TMR1L
0x000F       [1]    TMR1H
0x0010       [0]    TMR1CS_bit
0x0010       [0]    T1OSCEN_bit
0x0010       [1]    T1CON
0x0010       [0]    TMR1ON_bit
0x0010       [0]    NOT_T1SYNC_bit
0x0010       [0]    T1CKPS1_bit
0x0010       [0]    T1INSYNC_bit
0x0010       [0]    T1SYNC_bit
0x0010       [0]    T1CKPS0_bit
0x0011       [1]    TMR2
0x0012       [0]    TOUTPS3_bit
0x0012       [0]    T2CKPS1_bit
0x0012       [0]    TOUTPS0_bit
0x0012       [0]    TOUTPS1_bit
0x0012       [0]    TMR2ON_bit
0x0012       [0]    T2CKPS0_bit
0x0012       [1]    T2CON
0x0012       [0]    TOUTPS2_bit
0x0013       [1]    SSPBUF
0x0014       [0]    CKP_bit
0x0014       [1]    SSPCON
0x0014       [0]    SSPM0_bit
0x0014       [0]    SSPM1_bit
0x0014       [0]    SSPM2_bit
0x0014       [0]    SSPM3_bit
0x0014       [0]    WCOL_bit
0x0014       [0]    SSPOV_bit
0x0014       [0]    SSPEN_bit
0x0015       [2]    CCPR1
0x0015       [1]    CCPR1L
0x0016       [1]    CCPR1H
0x0017       [0]    CCP1X_bit
0x0017       [0]    CCP1M1_bit
0x0017       [0]    CCP1M0_bit
0x0017       [1]    CCP1CON
0x0017       [0]    CCP1Y_bit
0x0017       [0]    CCP1M3_bit
0x0017       [0]    CCP1M2_bit
0x0018       [0]    RC8_9_bit
0x0018       [0]    RCD8_bit
0x0018       [1]    RCSTA
0x0018       [0]    OERR_bit
0x0018       [0]    RX9D_bit
0x0018       [0]    ADDEN_bit
0x0018       [0]    CREN_bit
0x0018       [0]    RC9_bit
0x0018       [0]    SPEN_bit
0x0018       [0]    RX9_bit
0x0018       [0]    NOT_RC8_bit
0x0018       [0]    SREN_bit
0x0018       [0]    FERR_bit
0x0019       [1]    TXREG
0x001A       [1]    RCREG
0x001B       [1]    CCPR2L
0x001B       [2]    CCPR2
0x001C       [1]    CCPR2H
0x001D       [0]    CCP2M1_bit
0x001D       [1]    CCP2CON
0x001D       [0]    CCP2M0_bit
0x001D       [0]    CCP2M3_bit
0x001D       [0]    CCP2Y_bit
0x001D       [0]    CCP2X_bit
0x001D       [0]    CCP2M2_bit
0x001E       [1]    ADRESH
0x001F       [0]    GO_DONE_bit
0x001F       [0]    CHS2_bit
0x001F       [0]    ADCS1_bit
0x001F       [0]    CHS0_bit
0x001F       [0]    NOT_DONE_bit
0x001F       [0]    GO_bit
0x001F       [0]    ADON_bit
0x001F       [0]    ADCS0_bit
0x001F       [1]    ADCON0
0x001F       [0]    CHS1_bit
0x0022       [1]    _Counter2
0x0023       [1]    _Counter
0x0024       [1]    _Command
0x0025       [1]    _CommandModified
0x0026       [1]    _Sec_X10
0x0027       [1]    _Min_X1
0x0028       [1]    _Sec_X1
0x0029       [1]    _ch
0x002A       [1]    _BytesToReceive
0x002B      [10]    ?lstr3_Slave
0x0035      [10]    ?lstr4_Slave
0x003F      [10]    ?lstr2_Slave
0x0049       [1]    _Hours
0x004A       [6]    ?lstr1_Slave
0x0050       [7]    ?lstr5_Slave
0x0057       [7]    ?lstr6_Slave
0x005E       [1]    _Minutes
0x005F       [1]    _Tmp_Sec_X1
0x0060       [1]    _Tmp_Sec_X10
0x0061       [1]    _Hour_X10
0x0062       [1]    _Min_X10
0x0063       [1]    _Hour_X1
0x0064       [1]    _Tmp_Hour_X10
0x0065       [1]    _Seconds
0x0066       [1]    _Tmp_Hour_X1
0x0067       [1]    _Tmp_Min_X1
0x0068       [1]    _Tmp_Min_X10
0x0069       [1]    _Category
0x006A       [1]    _RAMP_ID
0x006B       [0]    _TMP_Sensor1
0x006B       [0]    _RTCSetupFlag
0x006B       [0]    _UpdateLCDFlag
0x006B       [0]    _RampOpen2
0x006B       [0]    _CallFlag
0x006B       [0]    _TMP_Taster1
0x006B       [0]    _TMP_Sensor2
0x006B       [0]    _TMP_Taster2
0x006C       [0]    _TMP_EXTRampOpen1
0x006C       [0]    _TMP_EXTRampOpen2
0x006C       [0]    _TMP_Error1
0x006C       [0]    __Lib_Lcd_cmd_status
0x006C       [0]    _Event
0x006C       [0]    _TMP_Error2
0x006C       [0]    _Operation2
0x006C       [0]    _Operation
0x006D       [1]    _X1
0x006E       [1]    _X10
0x006F       [1]    ___savePCLATH
0x0070       [1]    R0
0x0071       [1]    R1
0x0072       [1]    R2
0x0073       [1]    R3
0x0074       [1]    R4
0x0075       [1]    R5
0x0076       [1]    R6
0x0077       [1]    R7
0x0078       [1]    R8
0x0079       [1]    R9
0x007A       [1]    R10
0x007B       [1]    R11
0x007C       [1]    R12
0x007D       [1]    R13
0x007E       [1]    R14
0x007F       [1]    R15
0x0081       [0]    PS2_bit
0x0081       [0]    PSA_bit
0x0081       [0]    T0SE_bit
0x0081       [0]    T0CS_bit
0x0081       [0]    INTEDG_bit
0x0081       [1]    OPTION_REG
0x0081       [0]    PS1_bit
0x0081       [0]    NOT_RBPU_bit
0x0081       [0]    PS0_bit
0x0085       [1]    TRISA
0x0085       [0]    TRISA5_bit
0x0085       [0]    TRISA2_bit
0x0085       [0]    TRISA1_bit
0x0085       [0]    TRISA3_bit
0x0085       [0]    TRISA4_bit
0x0085       [0]    TRISA0_bit
0x0086       [0]    TRISB4_bit
0x0086       [0]    TRISB5_bit
0x0086       [0]    TRISB2_bit
0x0086       [0]    TRISB3_bit
0x0086       [0]    TRISB6_bit
0x0086       [0]    TRISB0_bit
0x0086       [0]    TRISB1_bit
0x0086       [0]    TRISB7_bit
0x0086       [1]    TRISB
0x0087       [0]    TRISC3_bit
0x0087       [0]    TRISC2_bit
0x0087       [0]    TRISC1_bit
0x0087       [0]    TRISC6_bit
0x0087       [0]    TRISC7_bit
0x0087       [0]    TRISC4_bit
0x0087       [0]    TRISC5_bit
0x0087       [0]    LCD_EN_Direction
0x0087       [1]    TRISC
0x0087       [0]    TRISC0_bit
0x0087       [0]    LCD_RS_Direction
0x0088       [0]    LCD_D4_Direction
0x0088       [1]    TRISD
0x0088       [0]    LCD_D7_Direction
0x0088       [0]    LCD_D6_Direction
0x0088       [0]    LCD_D5_Direction
0x0088       [0]    TRISD3_bit
0x0088       [0]    TRISD4_bit
0x0088       [0]    TRISD2_bit
0x0088       [0]    TRISD0_bit
0x0088       [0]    TRISD1_bit
0x0088       [0]    TRISD5_bit
0x0088       [0]    TRISD7_bit
0x0088       [0]    TRISD6_bit
0x0089       [0]    OBF_bit
0x0089       [0]    IBOV_bit
0x0089       [0]    PSPMODE_TRISE_bit
0x0089       [0]    IBF_bit
0x0089       [0]    PSPMODE_bit
0x0089       [0]    TRISE0_bit
0x0089       [0]    TRISE1_bit
0x0089       [0]    TRISE2_bit
0x0089       [1]    TRISE
0x0089       [0]    OBF_TRISE_bit
0x0089       [0]    IBF_TRISE_bit
0x0089       [0]    IBOV_TRISE_bit
0x008C       [0]    TXIE_bit
0x008C       [1]    PIE1
0x008C       [0]    RCIE_bit
0x008C       [0]    SSPIE_bit
0x008C       [0]    TMR1IE_bit
0x008C       [0]    TMR2IE_bit
0x008C       [0]    CCP1IE_bit
0x008C       [0]    ADIE_bit
0x008C       [0]    PSPIE_bit
0x008D       [0]    CMIE_bit
0x008D       [0]    CCP2IE_bit
0x008D       [0]    BCLIE_bit
0x008D       [0]    EEIE_bit
0x008D       [1]    PIE2
0x008E       [0]    NOT_POR_bit
0x008E       [0]    NOT_BO_bit
0x008E       [0]    NOT_BOR_bit
0x008E       [1]    PCON
0x0091       [0]    RCEN_bit
0x0091       [0]    ACKEN_bit
0x0091       [0]    RSEN_bit
0x0091       [0]    PEN_bit
0x0091       [0]    SEN_bit
0x0091       [0]    ACKDT_bit
0x0091       [1]    SSPCON2
0x0091       [0]    GCEN_bit
0x0091       [0]    ACKSTAT_bit
0x0092       [1]    PR2
0x0093       [1]    SSPADD
0x0094       [0]    I2C_STOP__bit
0x0094       [0]    P_bit
0x0094       [0]    DATA_ADDRESS_bit
0x0094       [0]    S_bit
0x0094       [0]    I2C_READ_bit
0x0094       [0]    R_bit
0x0094       [0]    I2C_START__bit
0x0094       [0]    D_A_bit
0x0094       [0]    CKE_bit
0x0094       [0]    SMP_bit
0x0094       [1]    SSPSTAT
0x0094       [0]    D_bit
0x0094       [0]    NOT_ADDRESS_bit
0x0094       [0]    NOT_A_bit
0x0094       [0]    I2C_DATA_bit
0x0094       [0]    NOT_W_bit
0x0094       [0]    UA_bit
0x0094       [0]    BF_bit
0x0094       [0]    READ_WRITE_bit
0x0094       [0]    NOT_WRITE_bit
0x0094       [0]    R_W_bit
0x0098       [0]    TRMT_bit
0x0098       [0]    BRGH_bit
0x0098       [0]    TX9D_bit
0x0098       [0]    TXD8_bit
0x0098       [1]    TXSTA
0x0098       [0]    SYNC_bit
0x0098       [0]    TX9_bit
0x0098       [0]    CSRC_bit
0x0098       [0]    NOT_TX8_bit
0x0098       [0]    TXEN_bit
0x0098       [0]    TX8_9_bit
0x0099       [1]    SPBRG
0x009C       [0]    CIS_bit
0x009C       [0]    C1INV_bit
0x009C       [0]    C2INV_bit
0x009C       [0]    CM0_bit
0x009C       [0]    CM1_bit
0x009C       [0]    CM2_bit
0x009C       [1]    CMCON
0x009C       [0]    C2OUT_bit
0x009C       [0]    C1OUT_bit
0x009D       [0]    CVR3_bit
0x009D       [0]    CVRR_bit
0x009D       [0]    CVR2_bit
0x009D       [0]    CVR1_bit
0x009D       [0]    CVR0_bit
0x009D       [1]    CVRCON
0x009D       [0]    CVREN_bit
0x009D       [0]    CVROE_bit
0x009E       [1]    ADRESL
0x009F       [0]    PCFG3_bit
0x009F       [0]    PCFG2_bit
0x009F       [0]    PCFG0_bit
0x009F       [0]    PCFG1_bit
0x009F       [1]    ADCON1
0x009F       [0]    ADFM_bit
0x009F       [0]    ADCS2_bit
0x00A0       [1]    ___saveSTATUS
0x00A1       [0]    _Error
0x00A1       [0]    _Sensor
0x00A1       [0]    _RampOpen
0x00A1       [0]    _EXTRampOpen
0x00A2       [2]    ___DoICPAddr
0x00A4       [1]    FARG_transmit_DATA8b
0x00A5       [1]    FARG_Lcd_Chr_row
0x00A5       [1]    FARG_Lcd_Out_row
0x00A6       [1]    FARG_Lcd_Chr_column
0x00A6       [1]    FARG_Lcd_Out_column
0x00A7       [1]    FARG_Lcd_Out_text
0x00A7       [1]    FARG_Lcd_Chr_out_char
0x00A8       [1]    Lcd_Out_i_L0
0x00A9       [1]    FARG_Lcd_Chr_CP_out_char
0x00AA       [1]    FARG_Lcd_Cmd_out_char
0x00AB       [1]    FARG_ConvertTime_ch
0x010C       [1]    EEDATA
0x010D       [1]    EEADR
0x010E       [1]    EEDATH
0x010F       [1]    EEADRH
0x018C       [0]    RD_bit
0x018C       [1]    EECON1
0x018C       [0]    EEPGD_bit
0x018C       [0]    WREN_bit
0x018C       [0]    WR_bit
0x018C       [0]    WRERR_bit
0x018D       [1]    EECON2
//** Constants locations ** 
//ADDRESS    SIZE    CONSTANT
//----------------------------------------------
0x0497       [1]    ?ICS_Counter2
0x0498       [1]    ?ICS_Counter
0x0499       [1]    ?ICS_Command
0x049A       [1]    ?ICS_CommandModified
0x049B       [1]    ?ICS_Sec_X10
0x049C       [1]    ?ICS_Min_X1
0x049D       [1]    ?ICS_Sec_X1
0x049E       [1]    ?ICS_ch
0x049F       [1]    ?ICS_BytesToReceive
0x04A0      [10]    ?ICS?lstr3_Slave
0x04AA      [10]    ?ICS?lstr4_Slave
0x04B4      [10]    ?ICS?lstr2_Slave
0x04BE       [1]    ?ICS_Hours
0x04BF       [6]    ?ICS?lstr1_Slave
0x04C5       [7]    ?ICS?lstr5_Slave
0x04CC       [7]    ?ICS?lstr6_Slave
0x04D3       [1]    ?ICS_Minutes
0x04D4       [1]    ?ICS_Tmp_Sec_X1
0x04D5       [1]    ?ICS_Tmp_Sec_X10
0x04D6       [1]    ?ICS_Hour_X10
0x04D7       [1]    ?ICS_Min_X10
0x04D8       [1]    ?ICS_Hour_X1
0x04D9       [1]    ?ICS_Tmp_Hour_X10
0x04DA       [1]    ?ICS_Seconds
0x04DB       [1]    ?ICS_Tmp_Hour_X1
0x04DC       [1]    ?ICS_Tmp_Min_X1
0x04DD       [1]    ?ICS_Tmp_Min_X10
0x04DE       [1]    ?ICS_Category
0x04DF       [1]    ?ICS_RAMP_ID
//** Label List: ** 
//----------------------------------------------
  L_transmit0
  L_transmit1
  L_ProcessInputs2
  L_ProcessInputs3
  L_ProcessInputs4
  L_ProcessInputs5
  L_ProcessInputs6
  L_ProcessInputs7
  L_ProcessInputs8
  L_ProcessInputs9
  L_ProcessInputs10
  L_ProcessInputs11
  L_ProcessInputs12
  L_ProcessInputs13
  L_ProcessInputs14
  L_ProcessInputs15
  L_ProcessInputs16
  L_ProcessInputs17
  L_ProcessInputs18
  L_ProcessInputs19
  L_ProcessInputs20
  L_ProcessInputs21
  L_ProcessInputs22
  L_ProcessInputs23
  L_ProcessInputs24
  L_ProcessInputs25
  L_ProcessInputs26
  L_ProcessInputs27
  L_ProcessInputs28
  L_ProcessInputs29
  L_ProcessInputs30
  L_ProcessInputs31
  L_ProcessInputs32
  L_ProcessInputs33
  L_ProcessInputs34
  L_ProcessInputs35
  L_main36
  L_main37
  L_main38
  L_main39
  L_main40
  L_main41
  L_main42
  L_main43
  L_main44
  L_main45
  L_main46
  L_main47
  L_main48
  L_main49
  L_main50
  L_main51
  L_main52
  L_main53
  L_main54
  L_main55
  L_main56
  L_main57
  L_main58
  L_IncrementTime59
  L_IncrementTime60
  L_IncrementTime61
  L_IncrementTime62
  L_IncrementTime63
  L_IncrementTime64
  L_IncrementTime65
  L_IncrementTime66
  L_IncrementTime67
  L_IncrementTime68
  L_IncrementTime69
  L_IncrementTime70
  L_IncrementTime71
  L_IncrementTime72
  L_IncrementTime73
  L_IncrementTime74
  L_ConvertTime75
  L_ConvertTime76
  L_interrupt77
  L_interrupt78
  L_interrupt79
  L_interrupt80
  L_interrupt81
  L_interrupt82
  L_interrupt83
  L_interrupt84
  L_interrupt85
  L_interrupt86
  L_interrupt87
  L_interrupt88
  L_interrupt89
  L_interrupt90
  L_interrupt91
  L_interrupt92
  L_interrupt93
  L_interrupt94
  L_interrupt95
  L_interrupt96
  L_interrupt97
  L_interrupt98
  L_interrupt99
  L_interrupt100
  L_UpdateLCD101
  L_UpdateLCD102
  L_UpdateLCD103
  L_UpdateLCD104
  L_UpdateLCD105
  L_UpdateLCD106
  L__ProcessInputs107
  L__ProcessInputs108
  L__ProcessInputs109
  L__ProcessInputs110
  L__ProcessInputs111
  L__ProcessInputs112
  L__main113
  L__IncrementTime114
  L__IncrementTime115
  L__interrupt116
  L__interrupt117
  _init_variables
  _transmit
  _DecodeTime
  _ProcessInputs
  L__ProcessInputs118
  L__ProcessInputs119
  L__ProcessInputs120
  L__ProcessInputs121
  L__ProcessInputs122
  L__ProcessInputs123
  L__ProcessInputs124
  L__ProcessInputs125
  _main
  L__main126
  L__main127
  L__main128
  L__main129
  L__main130
  L__main131
  L__main132
  L__main133
  _IncrementTime
  _ConvertTime
  _interrupt
  L__interrupt134
  _UpdateLCD
  _init
  L_Delay_10us0
  L_Delay_22us1
  L_Delay_50us2
  L_Delay_80us3
  L_Delay_500us4
  L_Delay_5500us5
  L_Delay_8ms6
  L_Delay_5ms7
  L_Delay_100ms8
  L_Delay_1sec9
  L_boot16_Delay_5ms10
  L_Delay_Cyc11
  L_Delay_Cyc12
  L_VDelay_ms13
  L_VDelay_ms14
  L_VDelay_ms15
  L_VDelay_Advanced_ms16
  L_VDelay_Advanced_ms17
  L_VDelay_Advanced_ms18
  _Get_Fosc_kHz
  _Delay_1us
  _Delay_10us
  _Delay_22us
  _Delay_50us
  _Delay_80us
  _Delay_500us
  _Delay_5500us
  _Delay_8ms
  _Delay_5ms
  _Delay_100ms
  _Delay_1sec
  _boot16_Delay_5ms
  _Delay_Cyc
  _VDelay_ms
  L__VDelay_ms19
  L__VDelay_ms20
  L__VDelay_ms21
  _VDelay_Advanced_ms
  L__VDelay_Advanced_ms22
  L__VDelay_Advanced_ms23
  L__VDelay_Advanced_ms24
  L_Lcd_Cmd0
  L_Lcd_Cmd1
  L_Lcd_Out_CP2
  L_Lcd_Out_CP3
  L_Lcd_Chr4
  L_Lcd_Chr5
  L_Lcd_Chr6
  L_Lcd_Chr7
  L_Lcd_Chr8
  L_Lcd_Chr9
  L_Lcd_Chr10
  L_Lcd_Out11
  L_Lcd_Out12
  L_Lcd_Out13
  L_Lcd_Out14
  L_Lcd_Out15
  L_Lcd_Out16
  L_Lcd_Out17
  L_Lcd_Out18
  L_Lcd_Out19
  _Lcd_Cmd
  L__Lcd_Cmd20
  L__Lcd_Cmd21
  L__Lcd_Cmd22
  L__Lcd_Cmd23
  L__Lcd_Cmd24
  L__Lcd_Cmd25
  L__Lcd_Cmd26
  L__Lcd_Cmd27
  L__Lcd_Cmd28
  L__Lcd_Cmd29
  L__Lcd_Cmd30
  L__Lcd_Cmd31
  L__Lcd_Cmd32
  L__Lcd_Cmd33
  L__Lcd_Cmd34
  L__Lcd_Cmd35
  L__Lcd_Cmd36
  L__Lcd_Cmd37
  L__Lcd_Cmd38
  L__Lcd_Cmd39
  _Lcd_Chr_CP
  _Lcd_Out_CP
  _Lcd_Chr
  _Lcd_Init
  _Lcd_Out
  _CC2D_Loop1
  _____DoICP
  _____DoIFC
  ___CC2DW
  _Swap
  L_UART1_Init0
  L_UART1_Init1
  L_UART1_Read2
  L_UART1_Write3
  L_UART1_Write4
  L_UART1_Write_Text5
  L_UART1_Write_Text6
  L_UART1_Read_Text7
  L_UART1_Read_Text8
  L_UART1_Read_Text9
  L_UART1_Read_Text10
  L_UART1_Read_Text11
  L_UART1_Read_Text12
  L_UART1_Read_Text13
  L_UART1_Read_Text14
  L_UART1_Read_Text15
  _UART1_Init
  _UART1_Data_Ready
  _UART1_Read
  _UART1_Tx_Idle
  _UART1_Write
  _UART1_Write_Text
  _UART1_Read_Text
  L_transmit0
  L_transmit1
  L_ProcessInputs2
  L_ProcessInputs3
  L_ProcessInputs4
  L_ProcessInputs5
  L_ProcessInputs6
  L_ProcessInputs7
  L_ProcessInputs8
  L_ProcessInputs9
  L_ProcessInputs10
  L_ProcessInputs11
  L_ProcessInputs12
  L_ProcessInputs13
  L_ProcessInputs14
  L_ProcessInputs15
  L_ProcessInputs16
  L_ProcessInputs17
  L_ProcessInputs18
  L_ProcessInputs19
  L_ProcessInputs20
  L_ProcessInputs21
  L_ProcessInputs22
  L_ProcessInputs23
  L_ProcessInputs24
  L_ProcessInputs25
  L_ProcessInputs26
  L_ProcessInputs27
  L_ProcessInputs28
  L_ProcessInputs29
  L_ProcessInputs30
  L_ProcessInputs31
  L_ProcessInputs32
  L_ProcessInputs33
  L_ProcessInputs34
  L_ProcessInputs35
  L_main36
  L_main37
  L_main38
  L_main39
  L_main40
  L_main41
  L_main42
  L_main43
  L_main44
  L_main45
  L_main46
  L_main47
  L_main48
  L_main49
  L_main50
  L_main51
  L_main52
  L_main53
  L_main54
  L_main55
  L_main56
  L_main57
  L_main58
  L_IncrementTime59
  L_IncrementTime60
  L_IncrementTime61
  L_IncrementTime62
  L_IncrementTime63
  L_IncrementTime64
  L_IncrementTime65
  L_IncrementTime66
  L_IncrementTime67
  L_IncrementTime68
  L_IncrementTime69
  L_IncrementTime70
  L_IncrementTime71
  L_IncrementTime72
  L_IncrementTime73
  L_IncrementTime74
  L_ConvertTime75
  L_ConvertTime76
  L_interrupt77
  L_interrupt78
  L_interrupt79
  L_interrupt80
  L_interrupt81
  L_interrupt82
  L_interrupt83
  L_interrupt84
  L_interrupt85
  L_interrupt86
  L_interrupt87
  L_interrupt88
  L_interrupt89
  L_interrupt90
  L_interrupt91
  L_interrupt92
  L_interrupt93
  L_interrupt94
  L_interrupt95
  L_interrupt96
  L_interrupt97
  L_interrupt98
  L_interrupt99
  L_interrupt100
  L_UpdateLCD101
  L_UpdateLCD102
  L_UpdateLCD103
  L_UpdateLCD104
  L_UpdateLCD105
  L_UpdateLCD106
  L__ProcessInputs107
  L__ProcessInputs108
  L__ProcessInputs109
  L__ProcessInputs110
  L__ProcessInputs111
  L__ProcessInputs112
  L__main113
  L__IncrementTime114
  L__IncrementTime115
  L__interrupt116
  L__interrupt117
  _init_variables
  _transmit
  _DecodeTime
  _ProcessInputs
  L__ProcessInputs118
  L__ProcessInputs119
  L__ProcessInputs120
  L__ProcessInputs121
  L__ProcessInputs122
  L__ProcessInputs123
  L__ProcessInputs124
  L__ProcessInputs125
  _main
  L__main126
  L__main127
  L__main128
  L__main129
  L__main130
  L__main131
  L__main132
  L__main133
  _IncrementTime
  _ConvertTime
  _interrupt
  L__interrupt134
  _UpdateLCD
  _init
